#
# A fatal error has been detected by the Java Runtime Environment:
#
#  SIGSEGV (0xb) at pc=0x00007f25603e2a7a, pid=1421, tid=0x00007f2554a78700
#
# JRE version: Java(TM) SE Runtime Environment (8.0_101-b13) (build 1.8.0_101-b13)
# Java VM: Java HotSpot(TM) 64-Bit Server VM (25.101-b13 mixed mode linux-amd64 compressed oops)
# Problematic frame:
# v  ~BufferBlob::jni_fast_GetLongField
#
# Failed to write core dump. Core dumps have been disabled. To enable core dumping, try "ulimit -c unlimited" before starting Java again
#
# If you would like to submit a bug report, please visit:
#   http://bugreport.java.com/bugreport/crash.jsp
# The crash happened outside the Java Virtual Machine in native code.
# See problematic frame for where to report the bug.
#

---------------  T H R E A D  ---------------

Current thread (0x00007f2570377000):  JavaThread "AWT-XAWT" daemon [_thread_in_native, id=1442, stack(0x00007f2554978000,0x00007f2554a79000)]

siginfo: si_signo: 11 (SIGSEGV), si_code: 1 (SEGV_MAPERR), si_addr: 0x0000000000000000

Registers:
RAX=0x00007f2575752400, RBX=0x00007f25703771f8, RCX=0x00007f25761b92c0, RDX=0x0000000000000042
RSP=0x00007f2554a776b8, RBP=0x00007f2554a776e0, RSI=0x0000000000000000, RDI=0x00007f25703771f8
R8 =0x00000000c41459f8, R9 =0x0000000000000000, R10=0x0000000000000174, R11=0x00007f25609676d8
R12=0x00007f25140d7830, R13=0x0000000000000000, R14=0x00007f25568257e0, R15=0x00007f2570377000
RIP=0x00007f25603e2a7a, EFLAGS=0x0000000000010246, CSGSFS=0x0000000000000033, ERR=0x0000000000000004
  TRAPNO=0x000000000000000e

Top of Stack: (sp=0x00007f2554a776b8)
0x00007f2554a776b8:   00007f2556603ef1 00007f255d522b30
0x00007f2554a776c8:   00007f25140d7830 00007f2554a77790
0x00007f2554a776d8:   00007f2554a77760 0000000000000000
0x00007f2554a776e8:   00007f25560c93c0 00007f255d522b30
0x00007f2554a776f8:   00007f2554a77720 0000000000000000
0x00007f2554a77708:   00007f25560c0f93 00007f2554a77790
0x00007f2554a77718:   00007f25565fd12f 00007f2554a77770
0x00007f2554a77728:   00007f2560967776 0000000000000000
0x00007f2554a77738:   00007f25606bd936 00007f2554a77790
0x00007f2554a77748:   00007f2560489f6c 00007f2554a777f0
0x00007f2554a77758:   00000000c4145358 00000000c3bc8280
0x00007f2554a77768:   0000000000000011 00007f2554a777f0
0x00007f2554a77778:   00007f2560380a90 00007f2554a777f0
0x00007f2554a77788:   00007f2560380a90 0000000000000000
0x00007f2554a77798:   00007f2560380dd0 00007f251c002e20
0x00007f2554a777a8:   00000000c4144918 00007f2554a777b0
0x00007f2554a777b8:   00007f255d502b74 00007f2554a77838
0x00007f2554a777c8:   00007f255d50bad0 0000000000000000
0x00007f2554a777d8:   00007f255d502cb0 00007f2554a77790
0x00007f2554a777e8:   00007f2554a77830 00007f2554a77880
0x00007f2554a777f8:   00007f25603812bd 0000000000000000
0x00007f2554a77808:   00000000ed008fd0 0000000000000000
0x00007f2554a77818:   0000000000000000 0000000000000000
0x00007f2554a77828:   00000000c4144918 0000000000000000
0x00007f2554a77838:   00000000c40ede10 00007f2554a77840
0x00007f2554a77848:   00007f255d5029b5 00007f2554a77890
0x00007f2554a77858:   00007f255d50bad0 0000000000000000
0x00007f2554a77868:   00007f255d5029c0 00007f2554a77830
0x00007f2554a77878:   00007f2554a77890 00007f2554a778d8
0x00007f2554a77888:   00007f2560381302 00000000c40ede10
0x00007f2554a77898:   00007f2554a77898 00007f255d0a9993
0x00007f2554a778a8:   00007f2554a778e8 00007f255d130e98 

Instructions: (pc=0x00007f25603e2a7a)
0x00007f25603e2a5a:   00 00 00 00 00 00 44 8b 15 21 f4 3a 15 4c 8b ce
0x00007f25603e2a6a:   41 f6 c2 01 0f 85 2e 00 00 00 4d 33 ca 4d 33 ca
0x00007f25603e2a7a:   4d 8b 09 4c 8b da 49 c1 eb 02 4b 8b 04 19 49 bb
0x00007f25603e2a8a:   88 1e 79 75 25 7f 00 00 4c 33 d8 4c 33 d8 45 3b 

Register to memory mapping:

RAX=0x00007f2575752400: <offset 0xf82400> in /usr/lib/jvm/java-8-oracle/jre/lib/amd64/server/libjvm.so at 0x00007f25747d0000
RBX=0x00007f25703771f8 is an unknown value
RCX=0x00007f25761b92c0: <offset 0x2182c0> in /lib/x86_64-linux-gnu/libpthread.so.0 at 0x00007f2575fa1000
RDX=0x0000000000000042 is an unknown value
RSP=0x00007f2554a776b8 is pointing into the stack for thread: 0x00007f2570377000
RBP=0x00007f2554a776e0 is pointing into the stack for thread: 0x00007f2570377000
RSI=0x0000000000000000 is an unknown value
RDI=0x00007f25703771f8 is an unknown value
R8 =0x00000000c41459f8 is an oop
java.util.logging.Logger 
 - klass: 'java/util/logging/Logger'
R9 =0x0000000000000000 is an unknown value
R10=0x0000000000000174 is an unknown value
R11=0x00007f25609676d8 is at entry_point+24 in (nmethod*)0x00007f2560967550
R12=0x00007f25140d7830 is an unknown value
R13=0x0000000000000000 is an unknown value
R14=0x00007f25568257e0: <offset 0x2587e0> in /usr/lib/jvm/java-8-oracle/jre/lib/amd64/libawt_xawt.so at 0x00007f25565cd000
R15=0x00007f2570377000 is a thread


Stack: [0x00007f2554978000,0x00007f2554a79000],  sp=0x00007f2554a776b8,  free space=1021k
Native frames: (J=compiled Java code, j=interpreted, Vv=VM code, C=native code)
v  ~BufferBlob::jni_fast_GetLongField
C  [libX11.so.6+0x643c0]  _XimServerDestroy+0x70

Java frames: (J=compiled Java code, j=interpreted, Vv=VM code)
J 1970  sun.awt.X11.XlibWrapper.XFilterEvent(JJ)Z (0 bytes) @ 0x00007f2560967704 [0x00007f25609676c0+0x44]
j  sun.awt.X11.XToolkit.run(Z)V+300
j  sun.awt.X11.XToolkit.run()V+5
j  java.lang.Thread.run()V+11
v  ~StubRoutines::call_stub

---------------  P R O C E S S  ---------------

Java Threads: ( => current thread )
  0x00007f250801d000 JavaThread "XToolkt-Shutdown-Thread" [_thread_blocked, id=1926, stack(0x00007f24efeff000,0x00007f24f0000000)]
  0x00007f2508003000 JavaThread "Thread-0" [_thread_blocked, id=1925, stack(0x00007f254c020000,0x00007f254c121000)]
  0x00007f2530002000 JavaThread "SIGHUP handler" daemon [_thread_blocked, id=1924, stack(0x00007f254dd2b000,0x00007f254de2c000)]
  0x00007f2530001000 JavaThread "SIGTERM handler" daemon [_thread_in_vm_trans, id=1923, stack(0x00007f254f266000,0x00007f254f367000)]
  0x00007f2514225000 JavaThread "GC Daemon" daemon [_thread_blocked, id=1453, stack(0x00007f254de2c000,0x00007f254df2d000)]
  0x00007f2514222000 JavaThread "RMI RenewClean-[localhost:41443]" daemon [_thread_blocked, id=1452, stack(0x00007f254df2d000,0x00007f254e02e000)]
  0x00007f2514221000 JavaThread "RMI Scheduler(0)" daemon [_thread_blocked, id=1451, stack(0x00007f254e02e000,0x00007f254e12f000)]
  0x00007f25141f6000 JavaThread "TimerQueue" daemon [_thread_blocked, id=1449, stack(0x00007f254e12f000,0x00007f254e230000)]
  0x00007f257000a800 JavaThread "DestroyJavaVM" [_thread_blocked, id=1426, stack(0x00007f25762c0000,0x00007f25763c1000)]
  0x00007f2570392000 JavaThread "AWT-EventQueue-0" [_thread_blocked, id=1445, stack(0x00007f255404d000,0x00007f255414e000)]
  0x00007f25703b0000 JavaThread "AWT-Shutdown" [_thread_blocked, id=1444, stack(0x00007f255414e000,0x00007f255424f000)]
=>0x00007f2570377000 JavaThread "AWT-XAWT" daemon [_thread_in_native, id=1442, stack(0x00007f2554978000,0x00007f2554a79000)]
  0x00007f2570359800 JavaThread "Java2D Disposer" daemon [_thread_blocked, id=1441, stack(0x00007f2554e89000,0x00007f2554f8a000)]
  0x00007f25700c1800 JavaThread "Service Thread" daemon [_thread_blocked, id=1438, stack(0x00007f2556d37000,0x00007f2556e38000)]
  0x00007f25700be800 JavaThread "C1 CompilerThread2" daemon [_thread_blocked, id=1437, stack(0x00007f2556e38000,0x00007f2556f39000)]
  0x00007f25700bc800 JavaThread "C2 CompilerThread1" daemon [_thread_blocked, id=1436, stack(0x00007f2556f39000,0x00007f255703a000)]
  0x00007f25700ba000 JavaThread "C2 CompilerThread0" daemon [_thread_blocked, id=1435, stack(0x00007f255703a000,0x00007f255713b000)]
  0x00007f25700b8800 JavaThread "Signal Dispatcher" daemon [_thread_blocked, id=1434, stack(0x00007f255713b000,0x00007f255723c000)]
  0x00007f2570084800 JavaThread "Finalizer" daemon [_thread_blocked, id=1433, stack(0x00007f2557bfc000,0x00007f2557cfd000)]
  0x00007f2570080000 JavaThread "Reference Handler" daemon [_thread_blocked, id=1432, stack(0x00007f2557cfd000,0x00007f2557dfe000)]

Other Threads:
  0x00007f2570078800 VMThread [stack: 0x00007f2557dfe000,0x00007f2557eff000] [id=1431]
  0x00007f25700c4800 WatcherThread [stack: 0x00007f2556c36000,0x00007f2556d37000] [id=1439]

VM state:synchronizing (normal execution)

VM Mutex/Monitor currently owned by a thread:  ([mutex/lock_event])
[0x00007f2570006bd0] Safepoint_lock - owner thread: 0x00007f2570078800
[0x00007f2570006c50] Threads_lock - owner thread: 0x00007f2570078800

Heap:
 PSYoungGen      total 18432K, used 6438K [0x00000000ebe00000, 0x00000000ed280000, 0x0000000100000000)
  eden space 15872K, 24% used [0x00000000ebe00000,0x00000000ec1d1288,0x00000000ecd80000)
  from space 2560K, 98% used [0x00000000ed000000,0x00000000ed2786f0,0x00000000ed280000)
  to   space 2560K, 0% used [0x00000000ecd80000,0x00000000ecd80000,0x00000000ed000000)
 ParOldGen       total 42496K, used 14143K [0x00000000c3a00000, 0x00000000c6380000, 0x00000000ebe00000)
  object space 42496K, 33% used [0x00000000c3a00000,0x00000000c47cfe78,0x00000000c6380000)
 Metaspace       used 25397K, capacity 25656K, committed 25984K, reserved 1073152K
  class space    used 3054K, capacity 3138K, committed 3200K, reserved 1048576K

Card table byte_map: [0x00007f255fdd5000,0x00007f255ffb9000] byte_map_base: 0x00007f255f7b8000

Marking Bits: (ParMarkBitMap*) 0x00007f2575791120
 Begin Bits: [0x00007f255da5f000, 0x00007f255e977000)
 End Bits:   [0x00007f255e977000, 0x00007f255f88f000)

Polling page: 0x00007f25763e0000

CodeCache: size=245760Kb used=11799Kb max_used=11937Kb free=233960Kb
 bounds [0x00007f2560379000, 0x00007f2560f39000, 0x00007f256f379000]
 total_blobs=4382 nmethods=3717 adapters=577
 compilation: enabled

Compilation events (10 events):
Event: 612.725 Thread 0x00007f25700be800 3983       3       java.net.URI::access$300 (7 bytes)
Event: 612.725 Thread 0x00007f25700bc800 3984       4       java.util.Arrays::copyOf (19 bytes)
Event: 612.726 Thread 0x00007f25700be800 nmethod 3983 0x00007f2560f27250 code [0x00007f2560f273c0, 0x00007f2560f27528]
Event: 612.836 Thread 0x00007f25700bc800 nmethod 3984 0x00007f25606253d0 code [0x00007f2560625520, 0x00007f2560625718]
Event: 912.671 Thread 0x00007f25700be800 3985       3       java.io.ObjectOutputStream$BlockDataOutputStream::setBlockDataMode (35 bytes)
Event: 912.672 Thread 0x00007f25700be800 nmethod 3985 0x00007f25606c0450 code [0x00007f25606c05c0, 0x00007f25606c0828]
Event: 912.672 Thread 0x00007f25700be800 3986       3       java.io.ObjectOutputStream$HandleTable::lookup (56 bytes)
Event: 912.673 Thread 0x00007f25700be800 nmethod 3986 0x00007f2560617510 code [0x00007f25606176a0, 0x00007f2560617a68]
Event: 998.195 Thread 0x00007f25700ba000 3987   !   4       sun.awt.X11.XToolkit::callTimeoutTasks (220 bytes)
Event: 998.247 Thread 0x00007f25700ba000 nmethod 3987 0x00007f25608ba8d0 code [0x00007f25608baa60, 0x00007f25608bac58]

GC Heap History (10 events):
Event: 9.880 GC heap before
{Heap before GC invocations=1 (full 0):
 PSYoungGen      total 18432K, used 15872K [0x00000000ebe00000, 0x00000000ed280000, 0x0000000100000000)
  eden space 15872K, 100% used [0x00000000ebe00000,0x00000000ecd80000,0x00000000ecd80000)
  from space 2560K, 0% used [0x00000000ed000000,0x00000000ed000000,0x00000000ed280000)
  to   space 2560K, 0% used [0x00000000ecd80000,0x00000000ecd80000,0x00000000ed000000)
 ParOldGen       total 42496K, used 0K [0x00000000c3a00000, 0x00000000c6380000, 0x00000000ebe00000)
  object space 42496K, 0% used [0x00000000c3a00000,0x00000000c3a00000,0x00000000c6380000)
 Metaspace       used 17190K, capacity 17364K, committed 17536K, reserved 1064960K
  class space    used 2048K, capacity 2118K, committed 2176K, reserved 1048576K
Event: 9.904 GC heap after
Heap after GC invocations=1 (full 0):
 PSYoungGen      total 18432K, used 2533K [0x00000000ebe00000, 0x00000000ed280000, 0x0000000100000000)
  eden space 15872K, 0% used [0x00000000ebe00000,0x00000000ebe00000,0x00000000ecd80000)
  from space 2560K, 98% used [0x00000000ecd80000,0x00000000ecff9490,0x00000000ed000000)
  to   space 2560K, 0% used [0x00000000ed000000,0x00000000ed000000,0x00000000ed280000)
 ParOldGen       total 42496K, used 3656K [0x00000000c3a00000, 0x00000000c6380000, 0x00000000ebe00000)
  object space 42496K, 8% used [0x00000000c3a00000,0x00000000c3d92308,0x00000000c6380000)
 Metaspace       used 17190K, capacity 17364K, committed 17536K, reserved 1064960K
  class space    used 2048K, capacity 2118K, committed 2176K, reserved 1048576K
}
Event: 12.468 GC heap before
{Heap before GC invocations=2 (full 0):
 PSYoungGen      total 18432K, used 13194K [0x00000000ebe00000, 0x00000000ed280000, 0x0000000100000000)
  eden space 15872K, 67% used [0x00000000ebe00000,0x00000000ec8696e0,0x00000000ecd80000)
  from space 2560K, 98% used [0x00000000ecd80000,0x00000000ecff9490,0x00000000ed000000)
  to   space 2560K, 0% used [0x00000000ed000000,0x00000000ed000000,0x00000000ed280000)
 ParOldGen       total 42496K, used 3656K [0x00000000c3a00000, 0x00000000c6380000, 0x00000000ebe00000)
  object space 42496K, 8% used [0x00000000c3a00000,0x00000000c3d92308,0x00000000c6380000)
 Metaspace       used 19680K, capacity 19996K, committed 20480K, reserved 1067008K
  class space    used 2343K, capacity 2456K, committed 2560K, reserved 1048576K
Event: 12.506 GC heap after
Heap after GC invocations=2 (full 0):
 PSYoungGen      total 18432K, used 2530K [0x00000000ebe00000, 0x00000000ed280000, 0x0000000100000000)
  eden space 15872K, 0% used [0x00000000ebe00000,0x00000000ebe00000,0x00000000ecd80000)
  from space 2560K, 98% used [0x00000000ed000000,0x00000000ed278a00,0x00000000ed280000)
  to   space 2560K, 0% used [0x00000000ecd80000,0x00000000ecd80000,0x00000000ed000000)
 ParOldGen       total 42496K, used 5789K [0x00000000c3a00000, 0x00000000c6380000, 0x00000000ebe00000)
  object space 42496K, 13% used [0x00000000c3a00000,0x00000000c3fa77d8,0x00000000c6380000)
 Metaspace       used 19680K, capacity 19996K, committed 20480K, reserved 1067008K
  class space    used 2343K, capacity 2456K, committed 2560K, reserved 1048576K
}
Event: 12.506 GC heap before
{Heap before GC invocations=3 (full 1):
 PSYoungGen      total 18432K, used 2530K [0x00000000ebe00000, 0x00000000ed280000, 0x0000000100000000)
  eden space 15872K, 0% used [0x00000000ebe00000,0x00000000ebe00000,0x00000000ecd80000)
  from space 2560K, 98% used [0x00000000ed000000,0x00000000ed278a00,0x00000000ed280000)
  to   space 2560K, 0% used [0x00000000ecd80000,0x00000000ecd80000,0x00000000ed000000)
 ParOldGen       total 42496K, used 5789K [0x00000000c3a00000, 0x00000000c6380000, 0x00000000ebe00000)
  object space 42496K, 13% used [0x00000000c3a00000,0x00000000c3fa77d8,0x00000000c6380000)
 Metaspace       used 19680K, capacity 19996K, committed 20480K, reserved 1067008K
  class space    used 2343K, capacity 2456K, committed 2560K, reserved 1048576K
Event: 12.622 GC heap after
Heap after GC invocations=3 (full 1):
 PSYoungGen      total 18432K, used 0K [0x00000000ebe00000, 0x00000000ed280000, 0x0000000100000000)
  eden space 15872K, 0% used [0x00000000ebe00000,0x00000000ebe00000,0x00000000ecd80000)
  from space 2560K, 0% used [0x00000000ed000000,0x00000000ed000000,0x00000000ed280000)
  to   space 2560K, 0% used [0x00000000ecd80000,0x00000000ecd80000,0x00000000ed000000)
 ParOldGen       total 42496K, used 7725K [0x00000000c3a00000, 0x00000000c6380000, 0x00000000ebe00000)
  object space 42496K, 18% used [0x00000000c3a00000,0x00000000c418b530,0x00000000c6380000)
 Metaspace       used 19680K, capacity 19996K, committed 20480K, reserved 1067008K
  class space    used 2343K, capacity 2456K, committed 2560K, reserved 1048576K
}
Event: 20.097 GC heap before
{Heap before GC invocations=4 (full 1):
 PSYoungGen      total 18432K, used 15872K [0x00000000ebe00000, 0x00000000ed280000, 0x0000000100000000)
  eden space 15872K, 100% used [0x00000000ebe00000,0x00000000ecd80000,0x00000000ecd80000)
  from space 2560K, 0% used [0x00000000ed000000,0x00000000ed000000,0x00000000ed280000)
  to   space 2560K, 0% used [0x00000000ecd80000,0x00000000ecd80000,0x00000000ed000000)
 ParOldGen       total 42496K, used 7725K [0x00000000c3a00000, 0x00000000c6380000, 0x00000000ebe00000)
  object space 42496K, 18% used [0x00000000c3a00000,0x00000000c418b530,0x00000000c6380000)
 Metaspace       used 23452K, capacity 23724K, committed 23936K, reserved 1071104K
  class space    used 2850K, capacity 2944K, committed 2944K, reserved 1048576K
Event: 20.129 GC heap after
Heap after GC invocations=4 (full 1):
 PSYoungGen      total 18432K, used 2126K [0x00000000ebe00000, 0x00000000ed280000, 0x0000000100000000)
  eden space 15872K, 0% used [0x00000000ebe00000,0x00000000ebe00000,0x00000000ecd80000)
  from space 2560K, 83% used [0x00000000ecd80000,0x00000000ecf93b40,0x00000000ed000000)
  to   space 2560K, 0% used [0x00000000ed000000,0x00000000ed000000,0x00000000ed280000)
 ParOldGen       total 42496K, used 12960K [0x00000000c3a00000, 0x00000000c6380000, 0x00000000ebe00000)
  object space 42496K, 30% used [0x00000000c3a00000,0x00000000c46a80c0,0x00000000c6380000)
 Metaspace       used 23452K, capacity 23724K, committed 23936K, reserved 1071104K
  class space    used 2850K, capacity 2944K, committed 2944K, reserved 1048576K
}
Event: 33.101 GC heap before
{Heap before GC invocations=5 (full 1):
 PSYoungGen      total 18432K, used 17998K [0x00000000ebe00000, 0x00000000ed280000, 0x0000000100000000)
  eden space 15872K, 100% used [0x00000000ebe00000,0x00000000ecd80000,0x00000000ecd80000)
  from space 2560K, 83% used [0x00000000ecd80000,0x00000000ecf93b40,0x00000000ed000000)
  to   space 2560K, 0% used [0x00000000ed000000,0x00000000ed000000,0x00000000ed280000)
 ParOldGen       total 42496K, used 12960K [0x00000000c3a00000, 0x00000000c6380000, 0x00000000ebe00000)
  object space 42496K, 30% used [0x00000000c3a00000,0x00000000c46a80c0,0x00000000c6380000)
 Metaspace       used 25208K, capacity 25528K, committed 25984K, reserved 1073152K
  class space    used 3047K, capacity 3138K, committed 3200K, reserved 1048576K
Event: 33.111 GC heap after
Heap after GC invocations=5 (full 1):
 PSYoungGen      total 18432K, used 2529K [0x00000000ebe00000, 0x00000000ed280000, 0x0000000100000000)
  eden space 15872K, 0% used [0x00000000ebe00000,0x00000000ebe00000,0x00000000ecd80000)
  from space 2560K, 98% used [0x00000000ed000000,0x00000000ed2786f0,0x00000000ed280000)
  to   space 2560K, 0% used [0x00000000ecd80000,0x00000000ecd80000,0x00000000ed000000)
 ParOldGen       total 42496K, used 14143K [0x00000000c3a00000, 0x00000000c6380000, 0x00000000ebe00000)
  object space 42496K, 33% used [0x00000000c3a00000,0x00000000c47cfe78,0x00000000c6380000)
 Metaspace       used 25208K, capacity 25528K, committed 25984K, reserved 1073152K
  class space    used 3047K, capacity 3138K, committed 3200K, reserved 1048576K
}

Deoptimization events (10 events):
Event: 21.177 Thread 0x00007f2570392000 Uncommon trap: reason=class_check action=maybe_recompile pc=0x00007f2560b0d0a4 method=javax.swing.UIDefaults.getFromHashtable(Ljava/lang/Object;)Ljava/lang/Object; @ 92
Event: 21.188 Thread 0x00007f2570392000 Uncommon trap: reason=class_check action=maybe_recompile pc=0x00007f2560b0d0a4 method=javax.swing.UIDefaults.getFromHashtable(Ljava/lang/Object;)Ljava/lang/Object; @ 92
Event: 21.190 Thread 0x00007f2570392000 Uncommon trap: reason=class_check action=maybe_recompile pc=0x00007f2560b0d0a4 method=javax.swing.UIDefaults.getFromHashtable(Ljava/lang/Object;)Ljava/lang/Object; @ 92
Event: 21.314 Thread 0x00007f2570392000 Uncommon trap: reason=bimorphic action=maybe_recompile pc=0x00007f2560ad3a60 method=javax.swing.GroupLayout$Group.calculateSize(II)I @ 57
Event: 21.315 Thread 0x00007f2570392000 Uncommon trap: reason=bimorphic action=maybe_recompile pc=0x00007f2560ad3a60 method=javax.swing.GroupLayout$Group.calculateSize(II)I @ 57
Event: 21.315 Thread 0x00007f2570392000 Uncommon trap: reason=bimorphic action=maybe_recompile pc=0x00007f2560ad3a60 method=javax.swing.GroupLayout$Group.calculateSize(II)I @ 57
Event: 21.316 Thread 0x00007f2570392000 Uncommon trap: reason=bimorphic action=maybe_recompile pc=0x00007f2560ad3a60 method=javax.swing.GroupLayout$Group.calculateSize(II)I @ 57
Event: 33.176 Thread 0x00007f2570392000 Uncommon trap: reason=unstable_if action=reinterpret pc=0x00007f2560d1ba34 method=javax.swing.SwingUtilities.getValidateRoot(Ljava/awt/Container;Z)Ljava/awt/Container; @ 17
Event: 36.660 Thread 0x00007f2570392000 Uncommon trap: reason=unstable_if action=reinterpret pc=0x00007f2560d3a440 method=sun.font.CMap$CMapFormat4.getGlyph(I)C @ 99
Event: 36.661 Thread 0x00007f2570392000 Uncommon trap: reason=unstable_if action=reinterpret pc=0x00007f2560d0a470 method=sun.font.CMap$CMapFormat4.getGlyph(I)C @ 99

Internal exceptions (10 events):
Event: 11.026 Thread 0x00007f2570392000 Exception <a 'java/lang/ArrayIndexOutOfBoundsException': > (0x00000000ec68eb98) thrown at [/HUDSON3/workspace/8-2-build-linux-amd64/jdk8u101/7261/hotspot/src/share/vm/prims/jni.cpp, line 735]
Event: 11.282 Thread 0x00007f2570392000 Exception <a 'java/lang/UnsupportedOperationException': > (0x00000000ec723a30) thrown at [/HUDSON3/workspace/8-2-build-linux-amd64/jdk8u101/7261/hotspot/src/share/vm/prims/jni.cpp, line 735]
Event: 12.669 Thread 0x00007f2570392000 Exception <a 'java/lang/NoSuchMethodError': <clinit>> (0x00000000ebe05db8) thrown at [/HUDSON3/workspace/8-2-build-linux-amd64/jdk8u101/7261/hotspot/src/share/vm/prims/jni.cpp, line 1613]
Event: 12.676 Thread 0x00007f2570392000 Exception <a 'java/lang/NoSuchMethodError': <clinit>> (0x00000000ebe236a0) thrown at [/HUDSON3/workspace/8-2-build-linux-amd64/jdk8u101/7261/hotspot/src/share/vm/prims/jni.cpp, line 1613]
Event: 12.678 Thread 0x00007f2514222000 Exception <a 'java/lang/InterruptedException'> (0x00000000ebe8d460) thrown at [/HUDSON3/workspace/8-2-build-linux-amd64/jdk8u101/7261/hotspot/src/share/vm/runtime/objectMonitor.cpp, line 1684]
Event: 17.197 Thread 0x00007f2570392000 Exception <a 'java/lang/UnsupportedOperationException': > (0x00000000ec5db298) thrown at [/HUDSON3/workspace/8-2-build-linux-amd64/jdk8u101/7261/hotspot/src/share/vm/prims/jni.cpp, line 735]
Event: 19.450 Thread 0x00007f2570392000 Exception <a 'java/lang/UnsupportedOperationException': > (0x00000000ecb1e2c8) thrown at [/HUDSON3/workspace/8-2-build-linux-amd64/jdk8u101/7261/hotspot/src/share/vm/prims/jni.cpp, line 735]
Event: 20.677 Thread 0x00007f2570392000 Implicit null exception at 0x00007f2560c0ff33 to 0x00007f2560c136c9
Event: 21.699 Thread 0x00007f2570392000 Exception <a 'java/lang/UnsupportedOperationException': > (0x00000000ec9e5808) thrown at [/HUDSON3/workspace/8-2-build-linux-amd64/jdk8u101/7261/hotspot/src/share/vm/prims/jni.cpp, line 735]
Event: 23.032 Thread 0x00007f2570392000 Exception <a 'java/lang/UnsupportedOperationException': > (0x00000000ecc09a20) thrown at [/HUDSON3/workspace/8-2-build-linux-amd64/jdk8u101/7261/hotspot/src/share/vm/prims/jni.cpp, line 735]

Events (10 events):
Event: 627.710 Executing VM operation: RevokeBias done
Event: 912.672 Thread 0x00007f25700be800 flushing nmethod 0x00007f2560888dd0
Event: 912.672 Thread 0x00007f25700be800 flushing nmethod 0x00007f25608ba750
Event: 912.673 Thread 0x00007f25700be800 flushing nmethod 0x00007f25609a8410
Event: 912.673 Thread 0x00007f25700be800 flushing nmethod 0x00007f25609b3890
Event: 927.673 Executing VM operation: RevokeBias
Event: 927.673 Executing VM operation: RevokeBias done
Event: 998.247 Thread 0x00007f25700ba000 flushing nmethod 0x00007f25609fda10
Event: 998.247 Thread 0x00007f25700ba000 flushing nmethod 0x00007f2560a17ed0
Event: 1105.376 loading class sun/misc/Signal$1


Dynamic libraries:
00400000-00401000 r-xp 00000000 08:01 1313803                            /usr/lib/jvm/java-8-oracle/bin/java
00600000-00601000 rw-p 00000000 08:01 1313803                            /usr/lib/jvm/java-8-oracle/bin/java
01de2000-01e03000 rw-p 00000000 00:00 0                                  [heap]
c3a00000-c6380000 rw-p 00000000 00:00 0 
c6380000-ebe00000 ---p 00000000 00:00 0 
ebe00000-ed280000 rw-p 00000000 00:00 0 
ed280000-100000000 ---p 00000000 00:00 0 
100000000-100320000 rw-p 00000000 00:00 0 
100320000-140000000 ---p 00000000 00:00 0 
7f24e8000000-7f24e8021000 rw-p 00000000 00:00 0 
7f24e8021000-7f24ec000000 ---p 00000000 00:00 0 
7f24efeff000-7f24eff02000 ---p 00000000 00:00 0 
7f24eff02000-7f24f0000000 rw-p 00000000 00:00 0 
7f24f0000000-7f24f0021000 rw-p 00000000 00:00 0 
7f24f0021000-7f24f4000000 ---p 00000000 00:00 0 
7f24f4ae8000-7f24f4b28000 rw-p 00000000 00:00 0 
7f24f4b28000-7f24f4ce8000 ---p 00000000 00:00 0 
7f24f4ce8000-7f24f4cee000 r-xp 00000000 08:01 270941                     /usr/lib/x86_64-linux-gnu/libdatrie.so.1.3.3
7f24f4cee000-7f24f4eee000 ---p 00006000 08:01 270941                     /usr/lib/x86_64-linux-gnu/libdatrie.so.1.3.3
7f24f4eee000-7f24f4eef000 r--p 00006000 08:01 270941                     /usr/lib/x86_64-linux-gnu/libdatrie.so.1.3.3
7f24f4eef000-7f24f4ef0000 rw-p 00007000 08:01 270941                     /usr/lib/x86_64-linux-gnu/libdatrie.so.1.3.3
7f24f4ef0000-7f24f4f13000 r-xp 00000000 08:01 271245                     /usr/lib/x86_64-linux-gnu/libgraphite2.so.3.0.1
7f24f4f13000-7f24f5112000 ---p 00023000 08:01 271245                     /usr/lib/x86_64-linux-gnu/libgraphite2.so.3.0.1
7f24f5112000-7f24f5114000 r--p 00022000 08:01 271245                     /usr/lib/x86_64-linux-gnu/libgraphite2.so.3.0.1
7f24f5114000-7f24f5115000 rw-p 00024000 08:01 271245                     /usr/lib/x86_64-linux-gnu/libgraphite2.so.3.0.1
7f24f5115000-7f24f513b000 r-xp 00000000 08:01 4849718                    /lib/x86_64-linux-gnu/libexpat.so.1.6.0
7f24f513b000-7f24f533b000 ---p 00026000 08:01 4849718                    /lib/x86_64-linux-gnu/libexpat.so.1.6.0
7f24f533b000-7f24f533d000 r--p 00026000 08:01 4849718                    /lib/x86_64-linux-gnu/libexpat.so.1.6.0
7f24f533d000-7f24f533e000 rw-p 00028000 08:01 4849718                    /lib/x86_64-linux-gnu/libexpat.so.1.6.0
7f24f533e000-7f24f53ac000 r-xp 00000000 08:01 4854393                    /lib/x86_64-linux-gnu/libpcre.so.3.13.2
7f24f53ac000-7f24f55ac000 ---p 0006e000 08:01 4854393                    /lib/x86_64-linux-gnu/libpcre.so.3.13.2
7f24f55ac000-7f24f55ad000 r--p 0006e000 08:01 4854393                    /lib/x86_64-linux-gnu/libpcre.so.3.13.2
7f24f55ad000-7f24f55ae000 rw-p 0006f000 08:01 4854393                    /lib/x86_64-linux-gnu/libpcre.so.3.13.2
7f24f55ae000-7f24f55b5000 r-xp 00000000 08:01 271070                     /usr/lib/x86_64-linux-gnu/libffi.so.6.0.4
7f24f55b5000-7f24f57b4000 ---p 00007000 08:01 271070                     /usr/lib/x86_64-linux-gnu/libffi.so.6.0.4
7f24f57b4000-7f24f57b5000 r--p 00006000 08:01 271070                     /usr/lib/x86_64-linux-gnu/libffi.so.6.0.4
7f24f57b5000-7f24f57b6000 rw-p 00007000 08:01 271070                     /usr/lib/x86_64-linux-gnu/libffi.so.6.0.4
7f24f57b6000-7f24f57be000 r-xp 00000000 08:01 271844                     /usr/lib/x86_64-linux-gnu/libthai.so.0.2.4
7f24f57be000-7f24f59bd000 ---p 00008000 08:01 271844                     /usr/lib/x86_64-linux-gnu/libthai.so.0.2.4
7f24f59bd000-7f24f59be000 r--p 00007000 08:01 271844                     /usr/lib/x86_64-linux-gnu/libthai.so.0.2.4
7f24f59be000-7f24f59bf000 rw-p 00008000 08:01 271844                     /usr/lib/x86_64-linux-gnu/libthai.so.0.2.4
7f24f59bf000-7f24f5a1b000 r-xp 00000000 08:01 271331                     /usr/lib/x86_64-linux-gnu/libharfbuzz.so.0.10000.1
7f24f5a1b000-7f24f5c1b000 ---p 0005c000 08:01 271331                     /usr/lib/x86_64-linux-gnu/libharfbuzz.so.0.10000.1
7f24f5c1b000-7f24f5c1c000 r--p 0005c000 08:01 271331                     /usr/lib/x86_64-linux-gnu/libharfbuzz.so.0.10000.1
7f24f5c1c000-7f24f5c1d000 rw-p 0005d000 08:01 271331                     /usr/lib/x86_64-linux-gnu/libharfbuzz.so.0.10000.1
7f24f5c1d000-7f24f5c34000 r-xp 00000000 08:01 4854416                    /lib/x86_64-linux-gnu/libresolv-2.23.so
7f24f5c34000-7f24f5e34000 ---p 00017000 08:01 4854416                    /lib/x86_64-linux-gnu/libresolv-2.23.so
7f24f5e34000-7f24f5e35000 r--p 00017000 08:01 4854416                    /lib/x86_64-linux-gnu/libresolv-2.23.so
7f24f5e35000-7f24f5e36000 rw-p 00018000 08:01 4854416                    /lib/x86_64-linux-gnu/libresolv-2.23.so
7f24f5e36000-7f24f5e38000 rw-p 00000000 00:00 0 
7f24f5e38000-7f24f5e57000 r-xp 00000000 08:01 4854422                    /lib/x86_64-linux-gnu/libselinux.so.1
7f24f5e57000-7f24f6056000 ---p 0001f000 08:01 4854422                    /lib/x86_64-linux-gnu/libselinux.so.1
7f24f6056000-7f24f6057000 r--p 0001e000 08:01 4854422                    /lib/x86_64-linux-gnu/libselinux.so.1
7f24f6057000-7f24f6058000 rw-p 0001f000 08:01 4854422                    /lib/x86_64-linux-gnu/libselinux.so.1
7f24f6058000-7f24f605a000 rw-p 00000000 00:00 0 
7f24f605a000-7f24f6073000 r-xp 00000000 08:01 4854455                    /lib/x86_64-linux-gnu/libz.so.1.2.8
7f24f6073000-7f24f6272000 ---p 00019000 08:01 4854455                    /lib/x86_64-linux-gnu/libz.so.1.2.8
7f24f6272000-7f24f6273000 r--p 00018000 08:01 4854455                    /lib/x86_64-linux-gnu/libz.so.1.2.8
7f24f6273000-7f24f6274000 rw-p 00019000 08:01 4854455                    /lib/x86_64-linux-gnu/libz.so.1.2.8
7f24f6274000-7f24f627c000 r-xp 00000000 08:01 272052                     /usr/lib/x86_64-linux-gnu/libxcb-render.so.0.0.0
7f24f627c000-7f24f647c000 ---p 00008000 08:01 272052                     /usr/lib/x86_64-linux-gnu/libxcb-render.so.0.0.0
7f24f647c000-7f24f647d000 r--p 00008000 08:01 272052                     /usr/lib/x86_64-linux-gnu/libxcb-render.so.0.0.0
7f24f647d000-7f24f647e000 rw-p 00009000 08:01 272052                     /usr/lib/x86_64-linux-gnu/libxcb-render.so.0.0.0
7f24f647e000-7f24f6480000 r-xp 00000000 08:01 272056                     /usr/lib/x86_64-linux-gnu/libxcb-shm.so.0.0.0
7f24f6480000-7f24f6680000 ---p 00002000 08:01 272056                     /usr/lib/x86_64-linux-gnu/libxcb-shm.so.0.0.0
7f24f6680000-7f24f6681000 r--p 00002000 08:01 272056                     /usr/lib/x86_64-linux-gnu/libxcb-shm.so.0.0.0
7f24f6681000-7f24f6682000 rw-p 00003000 08:01 272056                     /usr/lib/x86_64-linux-gnu/libxcb-shm.so.0.0.0
7f24f6682000-7f24f66a6000 r-xp 00000000 08:01 4854405                    /lib/x86_64-linux-gnu/libpng12.so.0.54.0
7f24f66a6000-7f24f68a5000 ---p 00024000 08:01 4854405                    /lib/x86_64-linux-gnu/libpng12.so.0.54.0
7f24f68a5000-7f24f68a6000 r--p 00023000 08:01 4854405                    /lib/x86_64-linux-gnu/libpng12.so.0.54.0
7f24f68a6000-7f24f68a7000 rw-p 00024000 08:01 4854405                    /lib/x86_64-linux-gnu/libpng12.so.0.54.0
7f24f68a7000-7f24f6946000 r-xp 00000000 08:01 271649                     /usr/lib/x86_64-linux-gnu/libpixman-1.so.0.33.6
7f24f6946000-7f24f6b46000 ---p 0009f000 08:01 271649                     /usr/lib/x86_64-linux-gnu/libpixman-1.so.0.33.6
7f24f6b46000-7f24f6b4e000 r--p 0009f000 08:01 271649                     /usr/lib/x86_64-linux-gnu/libpixman-1.so.0.33.6
7f24f6b4e000-7f24f6b4f000 rw-p 000a7000 08:01 271649                     /usr/lib/x86_64-linux-gnu/libpixman-1.so.0.33.6
7f24f6b4f000-7f24f6bf3000 r-xp 00000000 08:01 271118                     /usr/lib/x86_64-linux-gnu/libfreetype.so.6.12.1
7f24f6bf3000-7f24f6df2000 ---p 000a4000 08:01 271118                     /usr/lib/x86_64-linux-gnu/libfreetype.so.6.12.1
7f24f6df2000-7f24f6df8000 r--p 000a3000 08:01 271118                     /usr/lib/x86_64-linux-gnu/libfreetype.so.6.12.1
7f24f6df8000-7f24f6df9000 rw-p 000a9000 08:01 271118                     /usr/lib/x86_64-linux-gnu/libfreetype.so.6.12.1
7f24f6df9000-7f24f6dfb000 r-xp 00000000 08:01 270697                     /usr/lib/x86_64-linux-gnu/libXdamage.so.1.1.0
7f24f6dfb000-7f24f6ffa000 ---p 00002000 08:01 270697                     /usr/lib/x86_64-linux-gnu/libXdamage.so.1.1.0
7f24f6ffa000-7f24f6ffb000 r--p 00001000 08:01 270697                     /usr/lib/x86_64-linux-gnu/libXdamage.so.1.1.0
7f24f6ffb000-7f24f6ffc000 rw-p 00002000 08:01 270697                     /usr/lib/x86_64-linux-gnu/libXdamage.so.1.1.0
7f24f6ffc000-7f24f6ffe000 r-xp 00000000 08:01 270693                     /usr/lib/x86_64-linux-gnu/libXcomposite.so.1.0.0
7f24f6ffe000-7f24f71fd000 ---p 00002000 08:01 270693                     /usr/lib/x86_64-linux-gnu/libXcomposite.so.1.0.0
7f24f71fd000-7f24f71fe000 r--p 00001000 08:01 270693                     /usr/lib/x86_64-linux-gnu/libXcomposite.so.1.0.0
7f24f71fe000-7f24f71ff000 rw-p 00002000 08:01 270693                     /usr/lib/x86_64-linux-gnu/libXcomposite.so.1.0.0
7f24f71ff000-7f24f7209000 r-xp 00000000 08:01 270719                     /usr/lib/x86_64-linux-gnu/libXrandr.so.2.2.0
7f24f7209000-7f24f7408000 ---p 0000a000 08:01 270719                     /usr/lib/x86_64-linux-gnu/libXrandr.so.2.2.0
7f24f7408000-7f24f7409000 r--p 00009000 08:01 270719                     /usr/lib/x86_64-linux-gnu/libXrandr.so.2.2.0
7f24f7409000-7f24f740a000 rw-p 0000a000 08:01 270719                     /usr/lib/x86_64-linux-gnu/libXrandr.so.2.2.0
7f24f740a000-7f24f740c000 r-xp 00000000 08:01 270711                     /usr/lib/x86_64-linux-gnu/libXinerama.so.1.0.0
7f24f740c000-7f24f760b000 ---p 00002000 08:01 270711                     /usr/lib/x86_64-linux-gnu/libXinerama.so.1.0.0
7f24f760b000-7f24f760c000 r--p 00001000 08:01 270711                     /usr/lib/x86_64-linux-gnu/libXinerama.so.1.0.0
7f24f760c000-7f24f760d000 rw-p 00002000 08:01 270711                     /usr/lib/x86_64-linux-gnu/libXinerama.so.1.0.0
7f24f760d000-7f24f764a000 r-xp 00000000 08:01 271084                     /usr/lib/x86_64-linux-gnu/libfontconfig.so.1.9.0
7f24f764a000-7f24f7849000 ---p 0003d000 08:01 271084                     /usr/lib/x86_64-linux-gnu/libfontconfig.so.1.9.0
7f24f7849000-7f24f784b000 r--p 0003c000 08:01 271084                     /usr/lib/x86_64-linux-gnu/libfontconfig.so.1.9.0
7f24f784b000-7f24f7850000 rw-p 0003e000 08:01 271084                     /usr/lib/x86_64-linux-gnu/libfontconfig.so.1.9.0
7f24f7850000-7f24f795f000 r-xp 00000000 08:01 4849716                    /lib/x86_64-linux-gnu/libglib-2.0.so.0.4800.1
7f24f795f000-7f24f7b5e000 ---p 0010f000 08:01 4849716                    /lib/x86_64-linux-gnu/libglib-2.0.so.0.4800.1
7f24f7b5e000-7f24f7b5f000 r--p 0010e000 08:01 4849716                    /lib/x86_64-linux-gnu/libglib-2.0.so.0.4800.1
7f24f7b5f000-7f24f7b60000 rw-p 0010f000 08:01 4849716                    /lib/x86_64-linux-gnu/libglib-2.0.so.0.4800.1
7f24f7b60000-7f24f7b61000 rw-p 00000000 00:00 0 
7f24f7b61000-7f24f7bb3000 r-xp 00000000 08:01 262586                     /usr/lib/x86_64-linux-gnu/libgobject-2.0.so.0.4800.1
7f24f7bb3000-7f24f7db2000 ---p 00052000 08:01 262586                     /usr/lib/x86_64-linux-gnu/libgobject-2.0.so.0.4800.1
7f24f7db2000-7f24f7db3000 r--p 00051000 08:01 262586                     /usr/lib/x86_64-linux-gnu/libgobject-2.0.so.0.4800.1
7f24f7db3000-7f24f7db4000 rw-p 00052000 08:01 262586                     /usr/lib/x86_64-linux-gnu/libgobject-2.0.so.0.4800.1
7f24f7db4000-7f24f7dfd000 r-xp 00000000 08:01 271619                     /usr/lib/x86_64-linux-gnu/libpango-1.0.so.0.3800.1
7f24f7dfd000-7f24f7ffd000 ---p 00049000 08:01 271619                     /usr/lib/x86_64-linux-gnu/libpango-1.0.so.0.3800.1
7f24f7ffd000-7f24f7fff000 r--p 00049000 08:01 271619                     /usr/lib/x86_64-linux-gnu/libpango-1.0.so.0.3800.1
7f24f7fff000-7f24f8000000 rw-p 0004b000 08:01 271619                     /usr/lib/x86_64-linux-gnu/libpango-1.0.so.0.3800.1
7f24f8000000-7f24f8021000 rw-p 00000000 00:00 0 
7f24f8021000-7f24fc000000 ---p 00000000 00:00 0 
7f24fc000000-7f24fc021000 rw-p 00000000 00:00 0 
7f24fc021000-7f2500000000 ---p 00000000 00:00 0 
7f2500000000-7f2500021000 rw-p 00000000 00:00 0 
7f2500021000-7f2504000000 ---p 00000000 00:00 0 
7f2504000000-7f2504021000 rw-p 00000000 00:00 0 
7f2504021000-7f2508000000 ---p 00000000 00:00 0 
7f2508000000-7f250803f000 rw-p 00000000 00:00 0 
7f250803f000-7f250c000000 ---p 00000000 00:00 0 
7f250c000000-7f250c021000 rw-p 00000000 00:00 0 
7f250c021000-7f2510000000 ---p 00000000 00:00 0 
7f2510000000-7f2510021000 rw-p 00000000 00:00 0 
7f2510021000-7f2514000000 ---p 00000000 00:00 0 
7f2514000000-7f251448e000 rw-p 00000000 00:00 0 
7f251448e000-7f2518000000 ---p 00000000 00:00 0 
7f2518000000-7f2518021000 rw-p 00000000 00:00 0 
7f2518021000-7f251c000000 ---p 00000000 00:00 0 
7f251c000000-7f251c02e000 rw-p 00000000 00:00 0 
7f251c02e000-7f2520000000 ---p 00000000 00:00 0 
7f2520000000-7f2520021000 rw-p 00000000 00:00 0 
7f2520021000-7f2524000000 ---p 00000000 00:00 0 
7f2524000000-7f2524021000 rw-p 00000000 00:00 0 
7f2524021000-7f2528000000 ---p 00000000 00:00 0 
7f2528000000-7f25287e9000 rw-p 00000000 00:00 0 
7f25287e9000-7f252c000000 ---p 00000000 00:00 0 
7f252c000000-7f252cabd000 rw-p 00000000 00:00 0 
7f252cabd000-7f2530000000 ---p 00000000 00:00 0 
7f2530000000-7f2530021000 rw-p 00000000 00:00 0 
7f2530021000-7f2534000000 ---p 00000000 00:00 0 
7f2534000000-7f2534dc7000 rw-p 00000000 00:00 0 
7f2534dc7000-7f2538000000 ---p 00000000 00:00 0 
7f2538000000-7f2538021000 rw-p 00000000 00:00 0 
7f2538021000-7f253c000000 ---p 00000000 00:00 0 
7f253c000000-7f253c021000 rw-p 00000000 00:00 0 
7f253c021000-7f2540000000 ---p 00000000 00:00 0 
7f2540000000-7f2540021000 rw-p 00000000 00:00 0 
7f2540021000-7f2544000000 ---p 00000000 00:00 0 
7f2544000000-7f254402a000 rw-p 00000000 00:00 0 
7f254402a000-7f2548000000 ---p 00000000 00:00 0 
7f2548000000-7f2548021000 rw-p 00000000 00:00 0 
7f2548021000-7f254c000000 ---p 00000000 00:00 0 
7f254c020000-7f254c023000 ---p 00000000 00:00 0 
7f254c023000-7f254c121000 rw-p 00000000 00:00 0 
7f254c121000-7f254c135000 r-xp 00000000 08:01 271623                     /usr/lib/x86_64-linux-gnu/libpangoft2-1.0.so.0.3800.1
7f254c135000-7f254c335000 ---p 00014000 08:01 271623                     /usr/lib/x86_64-linux-gnu/libpangoft2-1.0.so.0.3800.1
7f254c335000-7f254c336000 r--p 00014000 08:01 271623                     /usr/lib/x86_64-linux-gnu/libpangoft2-1.0.so.0.3800.1
7f254c336000-7f254c337000 rw-p 00015000 08:01 271623                     /usr/lib/x86_64-linux-gnu/libpangoft2-1.0.so.0.3800.1
7f254c337000-7f254c4b7000 r-xp 00000000 08:01 262583                     /usr/lib/x86_64-linux-gnu/libgio-2.0.so.0.4800.1
7f254c4b7000-7f254c6b7000 ---p 00180000 08:01 262583                     /usr/lib/x86_64-linux-gnu/libgio-2.0.so.0.4800.1
7f254c6b7000-7f254c6bb000 r--p 00180000 08:01 262583                     /usr/lib/x86_64-linux-gnu/libgio-2.0.so.0.4800.1
7f254c6bb000-7f254c6bd000 rw-p 00184000 08:01 262583                     /usr/lib/x86_64-linux-gnu/libgio-2.0.so.0.4800.1
7f254c6bd000-7f254c6bf000 rw-p 00000000 00:00 0 
7f254c6bf000-7f254c6e0000 r-xp 00000000 08:01 271159                     /usr/lib/x86_64-linux-gnu/libgdk_pixbuf-2.0.so.0.3200.2
7f254c6e0000-7f254c8df000 ---p 00021000 08:01 271159                     /usr/lib/x86_64-linux-gnu/libgdk_pixbuf-2.0.so.0.3200.2
7f254c8df000-7f254c8e0000 r--p 00020000 08:01 271159                     /usr/lib/x86_64-linux-gnu/libgdk_pixbuf-2.0.so.0.3200.2
7f254c8e0000-7f254c8e1000 rw-p 00021000 08:01 271159                     /usr/lib/x86_64-linux-gnu/libgdk_pixbuf-2.0.so.0.3200.2
7f254c8e1000-7f254c9ef000 r-xp 00000000 08:01 270848                     /usr/lib/x86_64-linux-gnu/libcairo.so.2.11400.6
7f254c9ef000-7f254cbef000 ---p 0010e000 08:01 270848                     /usr/lib/x86_64-linux-gnu/libcairo.so.2.11400.6
7f254cbef000-7f254cbf2000 r--p 0010e000 08:01 270848                     /usr/lib/x86_64-linux-gnu/libcairo.so.2.11400.6
7f254cbf2000-7f254cbf3000 rw-p 00111000 08:01 270848                     /usr/lib/x86_64-linux-gnu/libcairo.so.2.11400.6
7f254cbf3000-7f254cbf5000 rw-p 00000000 00:00 0 
7f254cbf5000-7f254cc17000 r-xp 00000000 08:01 270792                     /usr/lib/x86_64-linux-gnu/libatk-1.0.so.0.21809.1
7f254cc17000-7f254ce16000 ---p 00022000 08:01 270792                     /usr/lib/x86_64-linux-gnu/libatk-1.0.so.0.21809.1
7f254ce16000-7f254ce19000 r--p 00021000 08:01 270792                     /usr/lib/x86_64-linux-gnu/libatk-1.0.so.0.21809.1
7f254ce19000-7f254ce1a000 rw-p 00024000 08:01 270792                     /usr/lib/x86_64-linux-gnu/libatk-1.0.so.0.21809.1
7f254ce1a000-7f254ce26000 r-xp 00000000 08:01 271621                     /usr/lib/x86_64-linux-gnu/libpangocairo-1.0.so.0.3800.1
7f254ce26000-7f254d025000 ---p 0000c000 08:01 271621                     /usr/lib/x86_64-linux-gnu/libpangocairo-1.0.so.0.3800.1
7f254d025000-7f254d026000 r--p 0000b000 08:01 271621                     /usr/lib/x86_64-linux-gnu/libpangocairo-1.0.so.0.3800.1
7f254d026000-7f254d027000 rw-p 0000c000 08:01 271621                     /usr/lib/x86_64-linux-gnu/libpangocairo-1.0.so.0.3800.1
7f254d027000-7f254d02a000 r-xp 00000000 08:01 262562                     /usr/lib/x86_64-linux-gnu/libgmodule-2.0.so.0.4800.1
7f254d02a000-7f254d229000 ---p 00003000 08:01 262562                     /usr/lib/x86_64-linux-gnu/libgmodule-2.0.so.0.4800.1
7f254d229000-7f254d22a000 r--p 00002000 08:01 262562                     /usr/lib/x86_64-linux-gnu/libgmodule-2.0.so.0.4800.1
7f254d22a000-7f254d22b000 rw-p 00003000 08:01 262562                     /usr/lib/x86_64-linux-gnu/libgmodule-2.0.so.0.4800.1
7f254d22b000-7f254d2db000 r-xp 00000000 08:01 271157                     /usr/lib/x86_64-linux-gnu/libgdk-x11-2.0.so.0.2400.30
7f254d2db000-7f254d4da000 ---p 000b0000 08:01 271157                     /usr/lib/x86_64-linux-gnu/libgdk-x11-2.0.so.0.2400.30
7f254d4da000-7f254d4de000 r--p 000af000 08:01 271157                     /usr/lib/x86_64-linux-gnu/libgdk-x11-2.0.so.0.2400.30
7f254d4de000-7f254d4e0000 rw-p 000b3000 08:01 271157                     /usr/lib/x86_64-linux-gnu/libgdk-x11-2.0.so.0.2400.30
7f254d4e0000-7f254d91e000 r-xp 00000000 08:01 271302                     /usr/lib/x86_64-linux-gnu/libgtk-x11-2.0.so.0.2400.30
7f254d91e000-7f254db1d000 ---p 0043e000 08:01 271302                     /usr/lib/x86_64-linux-gnu/libgtk-x11-2.0.so.0.2400.30
7f254db1d000-7f254db24000 r--p 0043d000 08:01 271302                     /usr/lib/x86_64-linux-gnu/libgtk-x11-2.0.so.0.2400.30
7f254db24000-7f254db28000 rw-p 00444000 08:01 271302                     /usr/lib/x86_64-linux-gnu/libgtk-x11-2.0.so.0.2400.30
7f254db28000-7f254dd2b000 rw-p 00000000 00:00 0 
7f254dd2b000-7f254dd2e000 ---p 00000000 00:00 0 
7f254dd2e000-7f254de2c000 rw-p 00000000 00:00 0 
7f254de2c000-7f254de2f000 ---p 00000000 00:00 0 
7f254de2f000-7f254df2d000 rw-p 00000000 00:00 0 
7f254df2d000-7f254df30000 ---p 00000000 00:00 0 
7f254df30000-7f254e02e000 rw-p 00000000 00:00 0 
7f254e02e000-7f254e031000 ---p 00000000 00:00 0 
7f254e031000-7f254e12f000 rw-p 00000000 00:00 0 
7f254e12f000-7f254e132000 ---p 00000000 00:00 0 
7f254e132000-7f254e230000 rw-p 00000000 00:00 0 
7f254e230000-7f254e908000 rw-s 00000000 00:05 487850018                  /SYSV00000000 (deleted)
7f254e908000-7f254eb08000 rw-p 00000000 00:00 0 
7f254eb08000-7f254eb3a000 r-xp 00000000 08:01 1313854                    /usr/lib/jvm/java-8-oracle/jre/lib/amd64/libsunec.so
7f254eb3a000-7f254ed39000 ---p 00032000 08:01 1313854                    /usr/lib/jvm/java-8-oracle/jre/lib/amd64/libsunec.so
7f254ed39000-7f254ed3f000 rw-p 00031000 08:01 1313854                    /usr/lib/jvm/java-8-oracle/jre/lib/amd64/libsunec.so
7f254ed3f000-7f254ef4f000 rw-p 00000000 00:00 0 
7f254ef4f000-7f254ef5a000 r--s 00000000 08:01 2099584                    /var/cache/fontconfig/945677eb7aeaf62f1d50efc3fb3ec7d8-le64.cache-6
7f254ef5a000-7f254ef60000 r--s 00000000 08:01 2099566                    /var/cache/fontconfig/2cd17615ca594fa2959ae173292e504c-le64.cache-6
7f254ef60000-7f254ef61000 r--s 00000000 08:01 2099563                    /var/cache/fontconfig/0d8c3b2ac0904cb8a57a757ad11a4a08-le64.cache-6
7f254ef61000-7f254ef65000 r--s 00000000 08:01 2099833                    /var/cache/fontconfig/de156ccd2eddbdc19d37a45b8b2aac9c-le64.cache-6
7f254ef65000-7f254ef7a000 r--s 00000000 08:01 2099560                    /var/cache/fontconfig/04aabc0a78ac019cf9454389977116d2-le64.cache-6
7f254ef7a000-7f254ef7b000 r--s 00000000 08:01 2099565                    /var/cache/fontconfig/1ac9eb803944fde146138c791f5cc56a-le64.cache-6
7f254ef7b000-7f254ef7f000 r--s 00000000 08:01 2099570                    /var/cache/fontconfig/385c0604a188198f04d133e54aba7fe7-le64.cache-6
7f254ef7f000-7f254ef80000 r--s 00000000 08:01 2099597                    /var/cache/fontconfig/dc05db6664285cc2f12bf69c139ae4c3-le64.cache-6
7f254f062000-7f254f066000 r--s 00097000 08:01 1313829                    /usr/lib/jvm/java-8-oracle/jre/lib/jsse.jar
7f254f066000-7f254f266000 rw-p 00000000 00:00 0 
7f254f266000-7f254f269000 ---p 00000000 00:00 0 
7f254f269000-7f254f367000 rw-p 00000000 00:00 0 
7f254f367000-7f254f391000 r-xp 00000000 08:01 1313851                    /usr/lib/jvm/java-8-oracle/jre/lib/amd64/libdcpr.so
7f254f391000-7f254f591000 ---p 0002a000 08:01 1313851                    /usr/lib/jvm/java-8-oracle/jre/lib/amd64/libdcpr.so
7f254f591000-7f254f594000 rw-p 0002a000 08:01 1313851                    /usr/lib/jvm/java-8-oracle/jre/lib/amd64/libdcpr.so
7f254f594000-7f254f5a7000 r--s 00345000 08:01 1313988                    /usr/lib/jvm/java-8-oracle/jre/lib/resources.jar
7f254f5a7000-7f254f7a7000 rw-p 00000000 00:00 0 
7f254f892000-7f254f89d000 r--s 00000000 08:01 2099584                    /var/cache/fontconfig/945677eb7aeaf62f1d50efc3fb3ec7d8-le64.cache-6
7f254f89d000-7f254f8a3000 r--s 00000000 08:01 2099566                    /var/cache/fontconfig/2cd17615ca594fa2959ae173292e504c-le64.cache-6
7f254f8a3000-7f254f8a4000 r--s 00000000 08:01 2099563                    /var/cache/fontconfig/0d8c3b2ac0904cb8a57a757ad11a4a08-le64.cache-6
7f254f8a4000-7f254f8a8000 r--s 00000000 08:01 2099833                    /var/cache/fontconfig/de156ccd2eddbdc19d37a45b8b2aac9c-le64.cache-6
7f254f8a8000-7f254f8bd000 r--s 00000000 08:01 2099560                    /var/cache/fontconfig/04aabc0a78ac019cf9454389977116d2-le64.cache-6
7f254f8bd000-7f254f8be000 r--s 00000000 08:01 2099565                    /var/cache/fontconfig/1ac9eb803944fde146138c791f5cc56a-le64.cache-6
7f254f8be000-7f254f8c2000 r--s 00000000 08:01 2099570                    /var/cache/fontconfig/385c0604a188198f04d133e54aba7fe7-le64.cache-6
7f254f8c2000-7f254f8c3000 r--s 00000000 08:01 2099597                    /var/cache/fontconfig/dc05db6664285cc2f12bf69c139ae4c3-le64.cache-6
7f254f8c3000-7f254f8c6000 r--s 00000000 08:01 2099580                    /var/cache/fontconfig/767a8244fc0220cfb567a839d0392e0b-le64.cache-6
7f254f8c6000-7f254f8cb000 r--s 00000000 08:01 2099583                    /var/cache/fontconfig/8801497958630a81b71ace7c5f9b32a8-le64.cache-6
7f254f8cb000-7f254f8d2000 r--s 00000000 08:01 2099567                    /var/cache/fontconfig/3047814df9a2f067bd2d96a2b9c36e5a-le64.cache-6
7f254f8d2000-7f254f8d8000 r--s 00000000 08:01 2099588                    /var/cache/fontconfig/b47c4e1ecd0709278f4910c18777a504-le64.cache-6
7f254f8d8000-7f254f8eb000 r--s 00000000 08:01 2099594                    /var/cache/fontconfig/d52a8644073d54c13679302ca1180695-le64.cache-6
7f254f8eb000-7f254f8f6000 r--s 00000000 08:01 2099582                    /var/cache/fontconfig/83bf95040141907cd45bb53cf7c1c148-le64.cache-6
7f254f8f6000-7f254f908000 r--s 00000000 08:01 2100024                    /var/cache/fontconfig/9b89f8e3dae116d678bbf48e5f21f69b-le64.cache-6
7f254f908000-7f254f90b000 r--s 00000000 08:01 2099580                    /var/cache/fontconfig/767a8244fc0220cfb567a839d0392e0b-le64.cache-6
7f254f90b000-7f254f90c000 r--s 00000000 08:01 2100179                    /var/cache/fontconfig/4794a0821666d79190d59a36cb4f44b5-le64.cache-6
7f254f90c000-7f254f911000 r--s 00000000 08:01 2099583                    /var/cache/fontconfig/8801497958630a81b71ace7c5f9b32a8-le64.cache-6
7f254f911000-7f254f912000 r--s 00000000 08:01 2099590                    /var/cache/fontconfig/bab58bb527bb656aaa9f116d68a48d89-le64.cache-6
7f254f912000-7f254f919000 r--s 00000000 08:01 2099567                    /var/cache/fontconfig/3047814df9a2f067bd2d96a2b9c36e5a-le64.cache-6
7f254f919000-7f254f91a000 r--s 00000000 08:01 2099574                    /var/cache/fontconfig/56cf4f4769d0f4abc89a4895d7bd3ae1-le64.cache-6
7f254f91a000-7f254f91b000 r--s 00000000 08:01 2099589                    /var/cache/fontconfig/b9d506c9ac06c20b433354fa67a72993-le64.cache-6
7f254f91b000-7f254f921000 r--s 00000000 08:01 2099588                    /var/cache/fontconfig/b47c4e1ecd0709278f4910c18777a504-le64.cache-6
7f254f921000-7f254f934000 r--s 00000000 08:01 2099594                    /var/cache/fontconfig/d52a8644073d54c13679302ca1180695-le64.cache-6
7f254f934000-7f254f935000 r--s 00000000 08:01 2099573                    /var/cache/fontconfig/551ecf3b0e8b0bca0f25c0944f561853-le64.cache-6
7f254f935000-7f254f939000 r--s 00000000 08:01 2099595                    /var/cache/fontconfig/d589a48862398ed80a3d6066f4f56f4c-le64.cache-6
7f254f939000-7f254f93a000 r--s 00000000 08:01 2099568                    /var/cache/fontconfig/30829fa25452a46451e813d634d7f916-le64.cache-6
7f254f93a000-7f254f93d000 r--s 00000000 08:01 2099579                    /var/cache/fontconfig/75114ca45c98e8a441da0ff356701271-le64.cache-6
7f254f93d000-7f254f93e000 r--s 00009000 08:01 1442465                    /usr/lib/jvm/java-8-oracle/jre/lib/ext/sunec.jar
7f254f93e000-7f254f941000 r--s 0001a000 08:01 1313992                    /usr/lib/jvm/java-8-oracle/jre/lib/jce.jar
7f254f964000-7f254fb64000 rw-p 00000000 00:00 0 
7f254fb64000-7f254fb80000 r--s 00393000 08:01 1442471                    /usr/lib/jvm/java-8-oracle/jre/lib/ext/cldrdata.jar
7f254fb80000-7f254fbe9000 r-xp 00000000 08:01 1313894                    /usr/lib/jvm/java-8-oracle/jre/lib/amd64/libt2k.so
7f254fbe9000-7f254fde9000 ---p 00069000 08:01 1313894                    /usr/lib/jvm/java-8-oracle/jre/lib/amd64/libt2k.so
7f254fde9000-7f254fdf0000 rw-p 00069000 08:01 1313894                    /usr/lib/jvm/java-8-oracle/jre/lib/amd64/libt2k.so
7f254fdf0000-7f2550000000 rw-p 00000000 00:00 0 
7f2550000000-7f2550026000 rw-p 00000000 00:00 0 
7f2550026000-7f2554000000 ---p 00000000 00:00 0 
7f2554000000-7f2554001000 r--s 00000000 08:01 2100179                    /var/cache/fontconfig/4794a0821666d79190d59a36cb4f44b5-le64.cache-6
7f2554001000-7f2554002000 r--s 00000000 08:01 2099590                    /var/cache/fontconfig/bab58bb527bb656aaa9f116d68a48d89-le64.cache-6
7f2554002000-7f2554003000 r--s 00000000 08:01 2099574                    /var/cache/fontconfig/56cf4f4769d0f4abc89a4895d7bd3ae1-le64.cache-6
7f2554003000-7f2554004000 r--s 00000000 08:01 2099562                    /var/cache/fontconfig/0c9eb80ebd1c36541ebe2852d3bb0c49-le64.cache-6
7f2554004000-7f255400f000 r--s 00000000 08:01 2099582                    /var/cache/fontconfig/83bf95040141907cd45bb53cf7c1c148-le64.cache-6
7f255400f000-7f2554021000 r--s 00000000 08:01 2100024                    /var/cache/fontconfig/9b89f8e3dae116d678bbf48e5f21f69b-le64.cache-6
7f2554021000-7f255402e000 r--s 00000000 08:01 2099576                    /var/cache/fontconfig/e13b20fdb08344e0e664864cc2ede53d-le64.cache-6
7f255402e000-7f2554032000 r--s 00000000 08:01 2099602                    /var/cache/fontconfig/7ef2298fde41cc6eeb7af42e48b7d293-le64.cache-6
7f2554032000-7f2554035000 r--s 00000000 08:01 2100139                    /var/cache/fontconfig/3f66f89b4ad5dd2ca69f8df78a0f4b29-le64.cache-6
7f255403d000-7f2554047000 r--s 00116000 08:01 1442468                    /usr/lib/jvm/java-8-oracle/jre/lib/ext/localedata.jar
7f2554047000-7f255404d000 r--s 0003f000 08:01 1442466                    /usr/lib/jvm/java-8-oracle/jre/lib/ext/sunjce_provider.jar
7f255404d000-7f2554050000 ---p 00000000 00:00 0 
7f2554050000-7f255414e000 rw-p 00000000 00:00 0 
7f255414e000-7f2554151000 ---p 00000000 00:00 0 
7f2554151000-7f255424f000 rw-p 00000000 00:00 0 
7f255424f000-7f2554260000 r-xp 00000000 08:01 1313869                    /usr/lib/jvm/java-8-oracle/jre/lib/amd64/libnio.so
7f2554260000-7f255445f000 ---p 00011000 08:01 1313869                    /usr/lib/jvm/java-8-oracle/jre/lib/amd64/libnio.so
7f255445f000-7f2554460000 rw-p 00010000 08:01 1313869                    /usr/lib/jvm/java-8-oracle/jre/lib/amd64/libnio.so
7f2554460000-7f2554761000 rw-p 00000000 00:00 0 
7f2554761000-7f2554777000 r-xp 00000000 08:01 1313846                    /usr/lib/jvm/java-8-oracle/jre/lib/amd64/libnet.so
7f2554777000-7f2554977000 ---p 00016000 08:01 1313846                    /usr/lib/jvm/java-8-oracle/jre/lib/amd64/libnet.so
7f2554977000-7f2554978000 rw-p 00016000 08:01 1313846                    /usr/lib/jvm/java-8-oracle/jre/lib/amd64/libnet.so
7f2554978000-7f255497b000 ---p 00000000 00:00 0 
7f255497b000-7f2554a79000 rw-p 00000000 00:00 0 
7f2554a79000-7f2554a7e000 r-xp 00000000 08:01 270703                     /usr/lib/x86_64-linux-gnu/libXfixes.so.3.1.0
7f2554a7e000-7f2554c7d000 ---p 00005000 08:01 270703                     /usr/lib/x86_64-linux-gnu/libXfixes.so.3.1.0
7f2554c7d000-7f2554c7e000 r--p 00004000 08:01 270703                     /usr/lib/x86_64-linux-gnu/libXfixes.so.3.1.0
7f2554c7e000-7f2554c7f000 rw-p 00005000 08:01 270703                     /usr/lib/x86_64-linux-gnu/libXfixes.so.3.1.0
7f2554c7f000-7f2554c88000 r-xp 00000000 08:01 270695                     /usr/lib/x86_64-linux-gnu/libXcursor.so.1.0.2
7f2554c88000-7f2554e87000 ---p 00009000 08:01 270695                     /usr/lib/x86_64-linux-gnu/libXcursor.so.1.0.2
7f2554e87000-7f2554e88000 r--p 00008000 08:01 270695                     /usr/lib/x86_64-linux-gnu/libXcursor.so.1.0.2
7f2554e88000-7f2554e89000 rw-p 00009000 08:01 270695                     /usr/lib/x86_64-linux-gnu/libXcursor.so.1.0.2
7f2554e89000-7f2554e8c000 ---p 00000000 00:00 0 
7f2554e8c000-7f2554f8a000 rw-p 00000000 00:00 0 
7f2554f8a000-7f2554fa0000 r-xp 00000000 08:01 4854302                    /lib/x86_64-linux-gnu/libgcc_s.so.1
7f2554fa0000-7f255519f000 ---p 00016000 08:01 4854302                    /lib/x86_64-linux-gnu/libgcc_s.so.1
7f255519f000-7f25551a0000 rw-p 00015000 08:01 4854302                    /lib/x86_64-linux-gnu/libgcc_s.so.1
7f25551a0000-7f2555205000 r-xp 00000000 08:01 1313863                    /usr/lib/jvm/java-8-oracle/jre/lib/amd64/libfontmanager.so
7f2555205000-7f2555404000 ---p 00065000 08:01 1313863                    /usr/lib/jvm/java-8-oracle/jre/lib/amd64/libfontmanager.so
7f2555404000-7f2555409000 rw-p 00064000 08:01 1313863                    /usr/lib/jvm/java-8-oracle/jre/lib/amd64/libfontmanager.so
7f2555409000-7f2555419000 rw-p 00000000 00:00 0 
7f2555419000-7f255541e000 r-xp 00000000 08:01 270699                     /usr/lib/x86_64-linux-gnu/libXdmcp.so.6.0.0
7f255541e000-7f255561d000 ---p 00005000 08:01 270699                     /usr/lib/x86_64-linux-gnu/libXdmcp.so.6.0.0
7f255561d000-7f255561e000 r--p 00004000 08:01 270699                     /usr/lib/x86_64-linux-gnu/libXdmcp.so.6.0.0
7f255561e000-7f255561f000 rw-p 00005000 08:01 270699                     /usr/lib/x86_64-linux-gnu/libXdmcp.so.6.0.0
7f255561f000-7f2555621000 r-xp 00000000 08:01 270688                     /usr/lib/x86_64-linux-gnu/libXau.so.6.0.0
7f2555621000-7f2555821000 ---p 00002000 08:01 270688                     /usr/lib/x86_64-linux-gnu/libXau.so.6.0.0
7f2555821000-7f2555822000 r--p 00002000 08:01 270688                     /usr/lib/x86_64-linux-gnu/libXau.so.6.0.0
7f2555822000-7f2555823000 rw-p 00003000 08:01 270688                     /usr/lib/x86_64-linux-gnu/libXau.so.6.0.0
7f2555823000-7f2555844000 r-xp 00000000 08:01 272066                     /usr/lib/x86_64-linux-gnu/libxcb.so.1.1.0
7f2555844000-7f2555a43000 ---p 00021000 08:01 272066                     /usr/lib/x86_64-linux-gnu/libxcb.so.1.1.0
7f2555a43000-7f2555a44000 r--p 00020000 08:01 272066                     /usr/lib/x86_64-linux-gnu/libxcb.so.1.1.0
7f2555a44000-7f2555a45000 rw-p 00021000 08:01 272066                     /usr/lib/x86_64-linux-gnu/libxcb.so.1.1.0
7f2555a45000-7f2555a54000 r-xp 00000000 08:01 270709                     /usr/lib/x86_64-linux-gnu/libXi.so.6.1.0
7f2555a54000-7f2555c53000 ---p 0000f000 08:01 270709                     /usr/lib/x86_64-linux-gnu/libXi.so.6.1.0
7f2555c53000-7f2555c54000 r--p 0000e000 08:01 270709                     /usr/lib/x86_64-linux-gnu/libXi.so.6.1.0
7f2555c54000-7f2555c55000 rw-p 0000f000 08:01 270709                     /usr/lib/x86_64-linux-gnu/libXi.so.6.1.0
7f2555c55000-7f2555c5a000 r-xp 00000000 08:01 270727                     /usr/lib/x86_64-linux-gnu/libXtst.so.6.1.0
7f2555c5a000-7f2555e59000 ---p 00005000 08:01 270727                     /usr/lib/x86_64-linux-gnu/libXtst.so.6.1.0
7f2555e59000-7f2555e5a000 r--p 00004000 08:01 270727                     /usr/lib/x86_64-linux-gnu/libXtst.so.6.1.0
7f2555e5a000-7f2555e5b000 rw-p 00005000 08:01 270727                     /usr/lib/x86_64-linux-gnu/libXtst.so.6.1.0
7f2555e5b000-7f2555e64000 r-xp 00000000 08:01 270721                     /usr/lib/x86_64-linux-gnu/libXrender.so.1.3.0
7f2555e64000-7f2556063000 ---p 00009000 08:01 270721                     /usr/lib/x86_64-linux-gnu/libXrender.so.1.3.0
7f2556063000-7f2556064000 r--p 00008000 08:01 270721                     /usr/lib/x86_64-linux-gnu/libXrender.so.1.3.0
7f2556064000-7f2556065000 rw-p 00009000 08:01 270721                     /usr/lib/x86_64-linux-gnu/libXrender.so.1.3.0
7f2556065000-7f255619a000 r-xp 00000000 08:01 270684                     /usr/lib/x86_64-linux-gnu/libX11.so.6.3.0
7f255619a000-7f255639a000 ---p 00135000 08:01 270684                     /usr/lib/x86_64-linux-gnu/libX11.so.6.3.0
7f255639a000-7f255639b000 r--p 00135000 08:01 270684                     /usr/lib/x86_64-linux-gnu/libX11.so.6.3.0
7f255639b000-7f255639f000 rw-p 00136000 08:01 270684                     /usr/lib/x86_64-linux-gnu/libX11.so.6.3.0
7f255639f000-7f25563b0000 r-xp 00000000 08:01 270701                     /usr/lib/x86_64-linux-gnu/libXext.so.6.4.0
7f25563b0000-7f25565af000 ---p 00011000 08:01 270701                     /usr/lib/x86_64-linux-gnu/libXext.so.6.4.0
7f25565af000-7f25565b0000 r--p 00010000 08:01 270701                     /usr/lib/x86_64-linux-gnu/libXext.so.6.4.0
7f25565b0000-7f25565b1000 rw-p 00011000 08:01 270701                     /usr/lib/x86_64-linux-gnu/libXext.so.6.4.0
7f25565b1000-7f25565b2000 r--s 00000000 08:01 2099589                    /var/cache/fontconfig/b9d506c9ac06c20b433354fa67a72993-le64.cache-6
7f25565b2000-7f25565b6000 r--s 00000000 08:01 2099595                    /var/cache/fontconfig/d589a48862398ed80a3d6066f4f56f4c-le64.cache-6
7f25565b6000-7f25565b9000 r--s 00000000 08:01 2099579                    /var/cache/fontconfig/75114ca45c98e8a441da0ff356701271-le64.cache-6
7f25565b9000-7f25565c6000 r--s 00000000 08:01 2099576                    /var/cache/fontconfig/e13b20fdb08344e0e664864cc2ede53d-le64.cache-6
7f25565c6000-7f25565ca000 r--s 00000000 08:01 2099602                    /var/cache/fontconfig/7ef2298fde41cc6eeb7af42e48b7d293-le64.cache-6
7f25565ca000-7f25565cd000 r--s 00000000 08:01 2100139                    /var/cache/fontconfig/3f66f89b4ad5dd2ca69f8df78a0f4b29-le64.cache-6
7f25565cd000-7f2556621000 r-xp 00000000 08:01 1313871                    /usr/lib/jvm/java-8-oracle/jre/lib/amd64/libawt_xawt.so
7f2556621000-7f2556821000 ---p 00054000 08:01 1313871                    /usr/lib/jvm/java-8-oracle/jre/lib/amd64/libawt_xawt.so
7f2556821000-7f2556825000 rw-p 00054000 08:01 1313871                    /usr/lib/jvm/java-8-oracle/jre/lib/amd64/libawt_xawt.so
7f2556825000-7f2556826000 rw-p 00000000 00:00 0 
7f2556826000-7f25568c8000 r-xp 00000000 08:01 1313968                    /usr/lib/jvm/java-8-oracle/jre/lib/amd64/libawt.so
7f25568c8000-7f2556ac8000 ---p 000a2000 08:01 1313968                    /usr/lib/jvm/java-8-oracle/jre/lib/amd64/libawt.so
7f2556ac8000-7f2556ad4000 rw-p 000a2000 08:01 1313968                    /usr/lib/jvm/java-8-oracle/jre/lib/amd64/libawt.so
7f2556ad4000-7f2556af8000 rw-p 00000000 00:00 0 
7f2556af8000-7f2556b10000 r--s 00125000 08:06 2106193                    /home/mmh/NetBeansProjects/New/lib/swingx-2007_05_13.jar
7f2556b10000-7f2556b13000 r--s 0000f000 08:06 2106191                    /home/mmh/NetBeansProjects/New/lib/swing-bits-0.5.0.jar
7f2556b13000-7f2556b2e000 r--s 0015d000 08:06 2106211                    /home/mmh/NetBeansProjects/New/lib/poi-3.6-20091214.jar
7f2556b2e000-7f2556b36000 r--s 000c4000 08:06 2106194                    /home/mmh/NetBeansProjects/New/lib/mysql-connector-java-5.1.23-bin.jar
7f2556b36000-7f2556b3d000 r--s 00059000 08:06 2106190                    /home/mmh/NetBeansProjects/New/lib/log4j-1.2.15.jar
7f2556b3d000-7f2556b4c000 r--s 0007f000 08:06 2106189                    /home/mmh/NetBeansProjects/New/lib/joda-time-2.3.jar
7f2556b4c000-7f2556b67000 r--s 00136000 08:06 2106188                    /home/mmh/NetBeansProjects/New/lib/jide-oss-2.11.0.jar
7f2556b67000-7f2556b77000 r--s 0013f000 08:06 2106209                    /home/mmh/NetBeansProjects/New/lib/jfreechart-1.0.12.jar
7f2556b77000-7f2556b81000 r--s 0011e000 08:06 2106210                    /home/mmh/NetBeansProjects/New/lib/jdt-compiler-3.1.1.jar
7f2556b81000-7f2556b87000 r--s 00023000 08:06 2106187                    /home/mmh/NetBeansProjects/New/lib/jcalendar-1.4.jar
7f2556b87000-7f2556b8b000 r--s 0001c000 08:06 2106197                    /home/mmh/NetBeansProjects/New/lib/jasypt-1.9.2.jar
7f2556b8b000-7f2556bbf000 r--s 002ad000 08:06 2106208                    /home/mmh/NetBeansProjects/New/lib/jasperreports-3.7.6.jar
7f2556bbf000-7f2556bd8000 r--s 002fd000 08:06 2106195                    /home/mmh/NetBeansProjects/New/lib/icu4j-3.4.4.jar
7f2556bd8000-7f2556be4000 r--s 00108000 08:06 2106206                    /home/mmh/NetBeansProjects/New/lib/iText-2.1.7.jar
7f2556be4000-7f2556c36000 r--s 004e9000 08:06 2106205                    /home/mmh/NetBeansProjects/New/lib/groovy-all-1.7.5.jar
7f2556c36000-7f2556c37000 ---p 00000000 00:00 0 
7f2556c37000-7f2556d37000 rw-p 00000000 00:00 0 
7f2556d37000-7f2556d3a000 ---p 00000000 00:00 0 
7f2556d3a000-7f2556e38000 rw-p 00000000 00:00 0 
7f2556e38000-7f2556e3b000 ---p 00000000 00:00 0 
7f2556e3b000-7f2556f39000 rw-p 00000000 00:00 0 
7f2556f39000-7f2556f3c000 ---p 00000000 00:00 0 
7f2556f3c000-7f255703a000 rw-p 00000000 00:00 0 
7f255703a000-7f255703d000 ---p 00000000 00:00 0 
7f255703d000-7f255713b000 rw-p 00000000 00:00 0 
7f255713b000-7f255713e000 ---p 00000000 00:00 0 
7f255713e000-7f255723c000 rw-p 00000000 00:00 0 
7f255723c000-7f2557bfc000 r--p 00000000 08:01 269568                     /usr/lib/locale/locale-archive
7f2557bfc000-7f2557bff000 ---p 00000000 00:00 0 
7f2557bff000-7f2557cfd000 rw-p 00000000 00:00 0 
7f2557cfd000-7f2557d00000 ---p 00000000 00:00 0 
7f2557d00000-7f2557dfe000 rw-p 00000000 00:00 0 
7f2557dfe000-7f2557dff000 ---p 00000000 00:00 0 
7f2557dff000-7f2558000000 rw-p 00000000 00:00 0 
7f2558000000-7f2558021000 rw-p 00000000 00:00 0 
7f2558021000-7f255c000000 ---p 00000000 00:00 0 
7f255c000000-7f255c001000 r--s 00000000 08:01 2099573                    /var/cache/fontconfig/551ecf3b0e8b0bca0f25c0944f561853-le64.cache-6
7f255c001000-7f255c004000 r--s 0000e000 08:06 2106196                    /home/mmh/NetBeansProjects/New/lib/jasypt-1.9.2-lite.jar
7f255c004000-7f255cea3000 rw-p 00000000 00:00 0 
7f255cea3000-7f255d07c000 r--s 03d29000 08:01 1313838                    /usr/lib/jvm/java-8-oracle/jre/lib/rt.jar
7f255d07c000-7f255f88f000 rw-p 00000000 00:00 0 
7f255f88f000-7f255f890000 ---p 00000000 00:00 0 
7f255f890000-7f255f990000 rw-p 00000000 00:00 0 
7f255f990000-7f255f991000 ---p 00000000 00:00 0 
7f255f991000-7f255fa91000 rw-p 00000000 00:00 0 
7f255fa91000-7f255fa92000 ---p 00000000 00:00 0 
7f255fa92000-7f255fb92000 rw-p 00000000 00:00 0 
7f255fb92000-7f255fb93000 ---p 00000000 00:00 0 
7f255fb93000-7f255fca8000 rw-p 00000000 00:00 0 
7f255fca8000-7f255fdd5000 ---p 00000000 00:00 0 
7f255fdd5000-7f255fdea000 rw-p 00000000 00:00 0 
7f255fdea000-7f255ff17000 ---p 00000000 00:00 0 
7f255ff17000-7f255ff22000 rw-p 00000000 00:00 0 
7f255ff22000-7f255ffb8000 ---p 00000000 00:00 0 
7f255ffb8000-7f255ffe8000 rw-p 00000000 00:00 0 
7f255ffe8000-7f2560379000 ---p 00000000 00:00 0 
7f2560379000-7f2560f39000 rwxp 00000000 00:00 0 
7f2560f39000-7f256f379000 ---p 00000000 00:00 0 
7f256f379000-7f256f393000 r-xp 00000000 08:01 1313867                    /usr/lib/jvm/java-8-oracle/jre/lib/amd64/libzip.so
7f256f393000-7f256f593000 ---p 0001a000 08:01 1313867                    /usr/lib/jvm/java-8-oracle/jre/lib/amd64/libzip.so
7f256f593000-7f256f594000 rw-p 0001a000 08:01 1313867                    /usr/lib/jvm/java-8-oracle/jre/lib/amd64/libzip.so
7f256f594000-7f256f59f000 r-xp 00000000 08:01 4854363                    /lib/x86_64-linux-gnu/libnss_files-2.23.so
7f256f59f000-7f256f79e000 ---p 0000b000 08:01 4854363                    /lib/x86_64-linux-gnu/libnss_files-2.23.so
7f256f79e000-7f256f79f000 r--p 0000a000 08:01 4854363                    /lib/x86_64-linux-gnu/libnss_files-2.23.so
7f256f79f000-7f256f7a0000 rw-p 0000b000 08:01 4854363                    /lib/x86_64-linux-gnu/libnss_files-2.23.so
7f256f7a0000-7f256f7a6000 rw-p 00000000 00:00 0 
7f256f7a6000-7f256f7b1000 r-xp 00000000 08:01 4854373                    /lib/x86_64-linux-gnu/libnss_nis-2.23.so
7f256f7b1000-7f256f9b0000 ---p 0000b000 08:01 4854373                    /lib/x86_64-linux-gnu/libnss_nis-2.23.so
7f256f9b0000-7f256f9b1000 r--p 0000a000 08:01 4854373                    /lib/x86_64-linux-gnu/libnss_nis-2.23.so
7f256f9b1000-7f256f9b2000 rw-p 0000b000 08:01 4854373                    /lib/x86_64-linux-gnu/libnss_nis-2.23.so
7f256f9b2000-7f256f9c8000 r-xp 00000000 08:01 4854357                    /lib/x86_64-linux-gnu/libnsl-2.23.so
7f256f9c8000-7f256fbc7000 ---p 00016000 08:01 4854357                    /lib/x86_64-linux-gnu/libnsl-2.23.so
7f256fbc7000-7f256fbc8000 r--p 00015000 08:01 4854357                    /lib/x86_64-linux-gnu/libnsl-2.23.so
7f256fbc8000-7f256fbc9000 rw-p 00016000 08:01 4854357                    /lib/x86_64-linux-gnu/libnsl-2.23.so
7f256fbc9000-7f256fbcb000 rw-p 00000000 00:00 0 
7f256fbcb000-7f256fbd3000 r-xp 00000000 08:01 4854359                    /lib/x86_64-linux-gnu/libnss_compat-2.23.so
7f256fbd3000-7f256fdd2000 ---p 00008000 08:01 4854359                    /lib/x86_64-linux-gnu/libnss_compat-2.23.so
7f256fdd2000-7f256fdd3000 r--p 00007000 08:01 4854359                    /lib/x86_64-linux-gnu/libnss_compat-2.23.so
7f256fdd3000-7f256fdd4000 rw-p 00008000 08:01 4854359                    /lib/x86_64-linux-gnu/libnss_compat-2.23.so
7f256fdd4000-7f256fdfe000 r-xp 00000000 08:01 1313891                    /usr/lib/jvm/java-8-oracle/jre/lib/amd64/libjava.so
7f256fdfe000-7f256fffe000 ---p 0002a000 08:01 1313891                    /usr/lib/jvm/java-8-oracle/jre/lib/amd64/libjava.so
7f256fffe000-7f2570000000 rw-p 0002a000 08:01 1313891                    /usr/lib/jvm/java-8-oracle/jre/lib/amd64/libjava.so
7f2570000000-7f257040a000 rw-p 00000000 00:00 0 
7f257040a000-7f2574000000 ---p 00000000 00:00 0 
7f2574000000-7f2574001000 r--s 00000000 08:01 2099568                    /var/cache/fontconfig/30829fa25452a46451e813d634d7f916-le64.cache-6
7f2574001000-7f2574002000 r--s 00000000 08:01 2099562                    /var/cache/fontconfig/0c9eb80ebd1c36541ebe2852d3bb0c49-le64.cache-6
7f2574002000-7f2574004000 r--s 00050000 08:06 2106207                    /home/mmh/NetBeansProjects/New/lib/iTextAsian.jar
7f2574004000-7f257400b000 r--s 00064000 08:06 2106199                    /home/mmh/NetBeansProjects/New/lib/commons-lang3-3.4.jar
7f257400b000-7f2574019000 r--s 0007f000 08:06 2106201                    /home/mmh/NetBeansProjects/New/lib/commons-collections-3.2.1.jar
7f2574019000-7f25740b0000 rw-p 00000000 00:00 0 
7f25740b0000-7f25740bd000 r-xp 00000000 08:01 1313847                    /usr/lib/jvm/java-8-oracle/jre/lib/amd64/libverify.so
7f25740bd000-7f25742bd000 ---p 0000d000 08:01 1313847                    /usr/lib/jvm/java-8-oracle/jre/lib/amd64/libverify.so
7f25742bd000-7f25742bf000 rw-p 0000d000 08:01 1313847                    /usr/lib/jvm/java-8-oracle/jre/lib/amd64/libverify.so
7f25742bf000-7f25742c6000 r-xp 00000000 08:01 4854418                    /lib/x86_64-linux-gnu/librt-2.23.so
7f25742c6000-7f25744c5000 ---p 00007000 08:01 4854418                    /lib/x86_64-linux-gnu/librt-2.23.so
7f25744c5000-7f25744c6000 r--p 00006000 08:01 4854418                    /lib/x86_64-linux-gnu/librt-2.23.so
7f25744c6000-7f25744c7000 rw-p 00007000 08:01 4854418                    /lib/x86_64-linux-gnu/librt-2.23.so
7f25744c7000-7f25745cf000 r-xp 00000000 08:01 4854334                    /lib/x86_64-linux-gnu/libm-2.23.so
7f25745cf000-7f25747ce000 ---p 00108000 08:01 4854334                    /lib/x86_64-linux-gnu/libm-2.23.so
7f25747ce000-7f25747cf000 r--p 00107000 08:01 4854334                    /lib/x86_64-linux-gnu/libm-2.23.so
7f25747cf000-7f25747d0000 rw-p 00108000 08:01 4854334                    /lib/x86_64-linux-gnu/libm-2.23.so
7f25747d0000-7f257549b000 r-xp 00000000 08:01 1442454                    /usr/lib/jvm/java-8-oracle/jre/lib/amd64/server/libjvm.so
7f257549b000-7f257569a000 ---p 00ccb000 08:01 1442454                    /usr/lib/jvm/java-8-oracle/jre/lib/amd64/server/libjvm.so
7f257569a000-7f2575773000 rw-p 00cca000 08:01 1442454                    /usr/lib/jvm/java-8-oracle/jre/lib/amd64/server/libjvm.so
7f2575773000-7f25757be000 rw-p 00000000 00:00 0 
7f25757be000-7f257597e000 r-xp 00000000 08:01 4854264                    /lib/x86_64-linux-gnu/libc-2.23.so
7f257597e000-7f2575b7d000 ---p 001c0000 08:01 4854264                    /lib/x86_64-linux-gnu/libc-2.23.so
7f2575b7d000-7f2575b81000 r--p 001bf000 08:01 4854264                    /lib/x86_64-linux-gnu/libc-2.23.so
7f2575b81000-7f2575b83000 rw-p 001c3000 08:01 4854264                    /lib/x86_64-linux-gnu/libc-2.23.so
7f2575b83000-7f2575b87000 rw-p 00000000 00:00 0 
7f2575b87000-7f2575b8a000 r-xp 00000000 08:01 4854288                    /lib/x86_64-linux-gnu/libdl-2.23.so
7f2575b8a000-7f2575d89000 ---p 00003000 08:01 4854288                    /lib/x86_64-linux-gnu/libdl-2.23.so
7f2575d89000-7f2575d8a000 r--p 00002000 08:01 4854288                    /lib/x86_64-linux-gnu/libdl-2.23.so
7f2575d8a000-7f2575d8b000 rw-p 00003000 08:01 4854288                    /lib/x86_64-linux-gnu/libdl-2.23.so
7f2575d8b000-7f2575da0000 r-xp 00000000 08:01 398515                     /usr/lib/jvm/java-8-oracle/lib/amd64/jli/libjli.so
7f2575da0000-7f2575fa0000 ---p 00015000 08:01 398515                     /usr/lib/jvm/java-8-oracle/lib/amd64/jli/libjli.so
7f2575fa0000-7f2575fa1000 rw-p 00015000 08:01 398515                     /usr/lib/jvm/java-8-oracle/lib/amd64/jli/libjli.so
7f2575fa1000-7f2575fb9000 r-xp 00000000 08:01 4854410                    /lib/x86_64-linux-gnu/libpthread-2.23.so
7f2575fb9000-7f25761b8000 ---p 00018000 08:01 4854410                    /lib/x86_64-linux-gnu/libpthread-2.23.so
7f25761b8000-7f25761b9000 r--p 00017000 08:01 4854410                    /lib/x86_64-linux-gnu/libpthread-2.23.so
7f25761b9000-7f25761ba000 rw-p 00018000 08:01 4854410                    /lib/x86_64-linux-gnu/libpthread-2.23.so
7f25761ba000-7f25761be000 rw-p 00000000 00:00 0 
7f25761be000-7f25761e4000 r-xp 00000000 08:01 4854236                    /lib/x86_64-linux-gnu/ld-2.23.so
7f25761e4000-7f25761e5000 r--s 0001c000 08:06 2106192                    /home/mmh/NetBeansProjects/New/lib/swing-layout-1.0.4.jar
7f25761e5000-7f25761e8000 r--s 00015000 08:06 2106203                    /home/mmh/NetBeansProjects/New/lib/commons-javaflow-20060411.jar
7f25761e8000-7f25762c0000 rw-p 00000000 00:00 0 
7f25762c0000-7f25762c3000 ---p 00000000 00:00 0 
7f25762c3000-7f25763c5000 rw-p 00000000 00:00 0 
7f25763c5000-7f25763c6000 r--s 00003000 08:06 2106198                    /home/mmh/NetBeansProjects/New/lib/jasypt-acegisecurity-1.9.2.jar
7f25763c6000-7f25763c7000 r--s 0000c000 08:06 2106204                    /home/mmh/NetBeansProjects/New/lib/commons-logging-1.1.jar
7f25763c7000-7f25763cb000 r--s 0001f000 08:06 2106202                    /home/mmh/NetBeansProjects/New/lib/commons-digester-1.7.jar
7f25763cb000-7f25763d0000 r--s 00034000 08:06 2106200                    /home/mmh/NetBeansProjects/New/lib/commons-beanutils-1.8.2.jar
7f25763d0000-7f25763d1000 r--s 0000a000 08:06 2106186                    /home/mmh/NetBeansProjects/New/lib/amali.jar
7f25763d1000-7f25763d2000 r--s 00000000 08:06 2106185                    /home/mmh/NetBeansProjects/New/lib/SComponants.jar
7f25763d2000-7f25763d4000 r--s 0019b000 08:06 2106184                    /home/mmh/NetBeansProjects/New/lib/Roundedpanel.jar
7f25763d4000-7f25763d6000 r--s 000bb000 08:06 2106212                    /home/mmh/NetBeansProjects/New/lib/NBSComponents.jar
7f25763d6000-7f25763d7000 r--s 00000000 08:06 2107637                    /home/mmh/NetBeansProjects/New/lib/AbsoluteLayout.jar
7f25763d7000-7f25763df000 rw-s 00000000 08:01 1573361                    /tmp/hsperfdata_mmh/1421
7f25763df000-7f25763e0000 rw-p 00000000 00:00 0 
7f25763e0000-7f25763e1000 ---p 00000000 00:00 0 
7f25763e1000-7f25763e3000 rw-p 00000000 00:00 0 
7f25763e3000-7f25763e4000 r--p 00025000 08:01 4854236                    /lib/x86_64-linux-gnu/ld-2.23.so
7f25763e4000-7f25763e5000 rw-p 00026000 08:01 4854236                    /lib/x86_64-linux-gnu/ld-2.23.so
7f25763e5000-7f25763e6000 rw-p 00000000 00:00 0 
7ffed5835000-7ffed5857000 rw-p 00000000 00:00 0                          [stack]
7ffed586b000-7ffed586d000 r--p 00000000 00:00 0                          [vvar]
7ffed586d000-7ffed586f000 r-xp 00000000 00:00 0                          [vdso]
ffffffffff600000-ffffffffff601000 r-xp 00000000 00:00 0                  [vsyscall]

VM Arguments:
jvm_args: -Dfile.encoding=UTF-8 
java_command: Resources.SelectLang
java_class_path (initial): /home/mmh/NetBeansProjects/New/lib/AbsoluteLayout.jar:/home/mmh/NetBeansProjects/New/lib/NBSComponents.jar:/home/mmh/NetBeansProjects/New/lib/Roundedpanel.jar:/home/mmh/NetBeansProjects/New/lib/SComponants.jar:/home/mmh/NetBeansProjects/New/lib/amali.jar:/home/mmh/NetBeansProjects/New/lib/commons-beanutils-1.8.2.jar:/home/mmh/NetBeansProjects/New/lib/commons-collections-3.2.1.jar:/home/mmh/NetBeansProjects/New/lib/commons-digester-1.7.jar:/home/mmh/NetBeansProjects/New/lib/commons-javaflow-20060411.jar:/home/mmh/NetBeansProjects/New/lib/commons-lang3-3.4.jar:/home/mmh/NetBeansProjects/New/lib/commons-logging-1.1.jar:/home/mmh/NetBeansProjects/New/lib/groovy-all-1.7.5.jar:/home/mmh/NetBeansProjects/New/lib/iText-2.1.7.jar:/home/mmh/NetBeansProjects/New/lib/iTextAsian.jar:/home/mmh/NetBeansProjects/New/lib/icu4j-3.4.4.jar:/home/mmh/NetBeansProjects/New/lib/jasperreports-3.7.6.jar:/home/mmh/NetBeansProjects/New/lib/jasypt-1.9.2-lite.jar:/home/mmh/NetBeansProjects/New/lib/jasypt-1.9.2.jar:/home/mmh/NetBeansProjects/New/lib/jasypt-acegisecurity-1.9.2.jar:/home/mmh/NetBeansProjects/New/lib/jcalendar-1.4.jar:/home/mmh/NetBeansProjects/New/lib/jdt-compiler-3.1.1.jar:/home/mmh/NetBeansProjects/New/lib/jfreechart-1.0.12.jar:/home/mmh/NetBeansProjects/New/lib/jide-oss-2.11.0.jar:/home/mmh/NetBeansProjects/New/lib/joda-time-2.3.jar:/home/mmh/NetBeansProjects/New/lib/log4j-1.2.15.jar:/home/mmh/NetBeansProjects/New/lib/mysql-connector-java-5.1.23-bin.jar:/home/mmh/NetBeansProjects/New/lib/poi-3.6-20091214.jar:/home/mmh/NetBeansProjects/New/lib/swing-bits-0.5.0.jar:/home/mmh/NetBeansProjects/New/lib/swing-layout-1.0.4.jar:/home/mmh/NetBeansProjects/New/lib/swingx-2007_05_13.jar:/home/mmh/NetBeansProjects/New/NBSF28/build/classes
Launcher Type: SUN_STANDARD

Environment Variables:
JAVA_HOME=/usr/lib/jvm/java-8-oracle
PATH=/usr/local/sbin:/usr/local/bin:/usr/sbin:/usr/bin:/sbin:/bin:/usr/games:/usr/local/games:/snap/bin:/usr/lib/jvm/java-8-oracle/bin:/usr/lib/jvm/java-8-oracle/db/bin:/usr/lib/jvm/java-8-oracle/jre/bin
LD_LIBRARY_PATH=/usr/lib/jvm/java-8-oracle/jre/lib/amd64:/usr/lib/jvm/java-8-oracle/jre/lib/i386:
SHELL=/bin/bash
DISPLAY=:0

Signal Handlers:
SIGSEGV: [libjvm.so+0xac4790], sa_mask[0]=11111111011111111101111111111110, sa_flags=SA_RESTART|SA_SIGINFO
SIGBUS: [libjvm.so+0xac4790], sa_mask[0]=11111111011111111101111111111110, sa_flags=SA_RESTART|SA_SIGINFO
SIGFPE: [libjvm.so+0x91f140], sa_mask[0]=11111111011111111101111111111110, sa_flags=SA_RESTART|SA_SIGINFO
SIGPIPE: [libjvm.so+0x91f140], sa_mask[0]=11111111011111111101111111111110, sa_flags=SA_RESTART|SA_SIGINFO
SIGXFSZ: [libjvm.so+0x91f140], sa_mask[0]=11111111011111111101111111111110, sa_flags=SA_RESTART|SA_SIGINFO
SIGILL: [libjvm.so+0x91f140], sa_mask[0]=11111111011111111101111111111110, sa_flags=SA_RESTART|SA_SIGINFO
SIGUSR1: SIG_DFL, sa_mask[0]=00000000000000000000000000000000, sa_flags=none
SIGUSR2: [libjvm.so+0x920770], sa_mask[0]=00100000000000000000000000000000, sa_flags=SA_RESTART|SA_SIGINFO
SIGHUP: [libjvm.so+0x921b70], sa_mask[0]=11111111011111111101111111111110, sa_flags=SA_RESTART|SA_SIGINFO
SIGINT: SIG_IGN, sa_mask[0]=00000000000000000000000000000000, sa_flags=none
SIGTERM: [libjvm.so+0x921b70], sa_mask[0]=11111111011111111101111111111110, sa_flags=SA_RESTART|SA_SIGINFO
SIGQUIT: [libjvm.so+0x921b70], sa_mask[0]=11111111011111111101111111111110, sa_flags=SA_RESTART|SA_SIGINFO


---------------  S Y S T E M  ---------------

OS:DISTRIB_ID=Ubuntu
DISTRIB_RELEASE=16.04
DISTRIB_CODENAME=xenial
DISTRIB_DESCRIPTION="Ubuntu 16.04.1 LTS"

uname:Linux 4.4.0-31-generic #50-Ubuntu SMP Wed Jul 13 00:07:12 UTC 2016 x86_64
libc:glibc 2.23 NPTL 2.23 
rlimit: STACK 8192k, CORE 0k, NPROC 15274, NOFILE 65536, AS infinity
load average:17.95 4.21 1.77

/proc/meminfo:
MemTotal:        3948744 kB
MemFree:         1096528 kB
MemAvailable:    1212820 kB
Buffers:           21256 kB
Cached:           390328 kB
SwapCached:       170628 kB
Active:          2082624 kB
Inactive:         575180 kB
Active(anon):    1935404 kB
Inactive(anon):   438796 kB
Active(file):     147220 kB
Inactive(file):   136384 kB
Unevictable:         480 kB
Mlocked:             480 kB
SwapTotal:       9762812 kB
SwapFree:        8084396 kB
Dirty:               360 kB
Writeback:             0 kB
AnonPages:       2227500 kB
Mapped:           144848 kB
Shmem:            127612 kB
Slab:             114044 kB
SReclaimable:      70996 kB
SUnreclaim:        43048 kB
KernelStack:        9696 kB
PageTables:        28196 kB
NFS_Unstable:          0 kB
Bounce:                0 kB
WritebackTmp:          0 kB
CommitLimit:    11737184 kB
Committed_AS:    5954412 kB
VmallocTotal:   34359738367 kB
VmallocUsed:           0 kB
VmallocChunk:          0 kB
HardwareCorrupted:     0 kB
AnonHugePages:    559104 kB
CmaTotal:              0 kB
CmaFree:               0 kB
HugePages_Total:       0
HugePages_Free:        0
HugePages_Rsvd:        0
HugePages_Surp:        0
Hugepagesize:       2048 kB
DirectMap4k:      297548 kB
DirectMap2M:     3799040 kB
DirectMap1G:           0 kB


CPU:total 4 (2 cores per cpu, 2 threads per core) family 6 model 69 stepping 1, cmov, cx8, fxsr, mmx, sse, sse2, sse3, ssse3, sse4.1, sse4.2, popcnt, avx, avx2, aes, clmul, erms, lzcnt, ht, tsc, tscinvbit, bmi1, bmi2

/proc/cpuinfo:
processor	: 0
vendor_id	: GenuineIntel
cpu family	: 6
model		: 69
model name	: Intel(R) Core(TM) i3-4005U CPU @ 1.70GHz
stepping	: 1
microcode	: 0x1d
cpu MHz		: 1699.933
cache size	: 3072 KB
physical id	: 0
siblings	: 4
core id		: 0
cpu cores	: 2
apicid		: 0
initial apicid	: 0
fpu		: yes
fpu_exception	: yes
cpuid level	: 13
wp		: yes
flags		: fpu vme de pse tsc msr pae mce cx8 apic sep mtrr pge mca cmov pat pse36 clflush dts acpi mmx fxsr sse sse2 ss ht tm pbe syscall nx pdpe1gb rdtscp lm constant_tsc arch_perfmon pebs bts rep_good nopl xtopology nonstop_tsc aperfmperf eagerfpu pni pclmulqdq dtes64 monitor ds_cpl vmx est tm2 ssse3 sdbg fma cx16 xtpr pdcm pcid sse4_1 sse4_2 movbe popcnt tsc_deadline_timer aes xsave avx f16c rdrand lahf_lm abm epb tpr_shadow vnmi flexpriority ept vpid fsgsbase tsc_adjust bmi1 avx2 smep bmi2 erms invpcid xsaveopt dtherm ida arat pln pts
bugs		:
bogomips	: 3391.98
clflush size	: 64
cache_alignment	: 64
address sizes	: 39 bits physical, 48 bits virtual
power management:

processor	: 1
vendor_id	: GenuineIntel
cpu family	: 6
model		: 69
model name	: Intel(R) Core(TM) i3-4005U CPU @ 1.70GHz
stepping	: 1
microcode	: 0x1d
cpu MHz		: 1699.933
cache size	: 3072 KB
physical id	: 0
siblings	: 4
core id		: 1
cpu cores	: 2
apicid		: 2
initial apicid	: 2
fpu		: yes
fpu_exception	: yes
cpuid level	: 13
wp		: yes
flags		: fpu vme de pse tsc msr pae mce cx8 apic sep mtrr pge mca cmov pat pse36 clflush dts acpi mmx fxsr sse sse2 ss ht tm pbe syscall nx pdpe1gb rdtscp lm constant_tsc arch_perfmon pebs bts rep_good nopl xtopology nonstop_tsc aperfmperf eagerfpu pni pclmulqdq dtes64 monitor ds_cpl vmx est tm2 ssse3 sdbg fma cx16 xtpr pdcm pcid sse4_1 sse4_2 movbe popcnt tsc_deadline_timer aes xsave avx f16c rdrand lahf_lm abm epb tpr_shadow vnmi flexpriority ept vpid fsgsbase tsc_adjust bmi1 avx2 smep bmi2 erms invpcid xsaveopt dtherm ida arat pln pts
bugs		:
bogomips	: 3391.98
clflush size	: 64
cache_alignment	: 64
address sizes	: 39 bits physical, 48 bits virtual
power management:

processor	: 2
vendor_id	: GenuineIntel
cpu family	: 6
model		: 69
model name	: Intel(R) Core(TM) i3-4005U CPU @ 1.70GHz
stepping	: 1
microcode	: 0x1d
cpu MHz		: 1699.335
cache size	: 3072 KB
physical id	: 0
siblings	: 4
core id		: 0
cpu cores	: 2
apicid		: 1
initial apicid	: 1
fpu		: yes
fpu_exception	: yes
cpuid level	: 13
wp		: yes
flags		: fpu vme de pse tsc msr pae mce cx8 apic sep mtrr pge mca cmov pat pse36 clflush dts acpi mmx fxsr sse sse2 ss ht tm pbe syscall nx pdpe1gb rdtscp lm constant_tsc arch_perfmon pebs bts rep_good nopl xtopology nonstop_tsc aperfmperf eagerfpu pni pclmulqdq dtes64 monitor ds_cpl vmx est tm2 ssse3 sdbg fma cx16 xtpr pdcm pcid sse4_1 sse4_2 movbe popcnt tsc_deadline_timer aes xsave avx f16c rdrand lahf_lm abm epb tpr_shadow vnmi flexpriority ept vpid fsgsbase tsc_adjust bmi1 avx2 smep bmi2 erms invpcid xsaveopt dtherm ida arat pln pts
bugs		:
bogomips	: 3391.98
clflush size	: 64
cache_alignment	: 64
address sizes	: 39 bits physical, 48 bits virtual
power management:

processor	: 3
vendor_id	: GenuineIntel
cpu family	: 6
model		: 69
model name	: Intel(R) Core(TM) i3-4005U CPU @ 1.70GHz
stepping	: 1
microcode	: 0x1d
cpu MHz		: 1700.730
cache size	: 3072 KB
physical id	: 0
siblings	: 4
core id		: 1
cpu cores	: 2
apicid		: 3
initial apicid	: 3
fpu		: yes
fpu_exception	: yes
cpuid level	: 13
wp		: yes
flags		: fpu vme de pse tsc msr pae mce cx8 apic sep mtrr pge mca cmov pat pse36 clflush dts acpi mmx fxsr sse sse2 ss ht tm pbe syscall nx pdpe1gb rdtscp lm constant_tsc arch_perfmon pebs bts rep_good nopl xtopology nonstop_tsc aperfmperf eagerfpu pni pclmulqdq dtes64 monitor ds_cpl vmx est tm2 ssse3 sdbg fma cx16 xtpr pdcm pcid sse4_1 sse4_2 movbe popcnt tsc_deadline_timer aes xsave avx f16c rdrand lahf_lm abm epb tpr_shadow vnmi flexpriority ept vpid fsgsbase tsc_adjust bmi1 avx2 smep bmi2 erms invpcid xsaveopt dtherm ida arat pln pts
bugs		:
bogomips	: 3391.98
clflush size	: 64
cache_alignment	: 64
address sizes	: 39 bits physical, 48 bits virtual
power management:



Memory: 4k page, physical 3948744k(1096528k free), swap 9762812k(8084396k free)

vm_info: Java HotSpot(TM) 64-Bit Server VM (25.101-b13) for linux-amd64 JRE (1.8.0_101-b13), built on Jun 22 2016 02:59:44 by "java_re" with gcc 4.3.0 20080428 (Red Hat 4.3.0-8)

time: Sun Aug 14 10:47:13 2016
elapsed time: 1116 seconds (0d 0h 18m 36s)

